{"/app/functions/api/lead.ts": {"path":"/app/functions/api/lead.ts","statementMap":{"0":{"start":{"line":13,"column":24},"end":{"line":13,"column":null}},"1":{"start":{"line":15,"column":26},"end":{"line":15,"column":null}},"2":{"start":{"line":16,"column":17},"end":{"line":16,"column":null}},"3":{"start":{"line":17,"column":20},"end":{"line":17,"column":null}},"4":{"start":{"line":18,"column":27},"end":{"line":18,"column":null}},"5":{"start":{"line":19,"column":33},"end":{"line":19,"column":null}},"6":{"start":{"line":20,"column":33},"end":{"line":20,"column":null}},"7":{"start":{"line":31,"column":19},"end":{"line":31,"column":null}},"8":{"start":{"line":32,"column":22},"end":{"line":32,"column":null}},"9":{"start":{"line":35,"column":2},"end":{"line":35,"column":null}},"10":{"start":{"line":36,"column":2},"end":{"line":36,"column":null}},"11":{"start":{"line":40,"column":8},"end":{"line":40,"column":null}},"12":{"start":{"line":40,"column":52},"end":{"line":40,"column":76}},"13":{"start":{"line":41,"column":2},"end":{"line":41,"column":null}},"14":{"start":{"line":42,"column":2},"end":{"line":42,"column":null}},"15":{"start":{"line":43,"column":2},"end":{"line":43,"column":null}},"16":{"start":{"line":53,"column":2},"end":{"line":53,"column":null}},"17":{"start":{"line":53,"column":11},"end":{"line":53,"column":null}},"18":{"start":{"line":54,"column":14},"end":{"line":54,"column":null}},"19":{"start":{"line":55,"column":8},"end":{"line":55,"column":null}},"20":{"start":{"line":55,"column":62},"end":{"line":55,"column":86}},"21":{"start":{"line":56,"column":2},"end":{"line":56,"column":null}},"22":{"start":{"line":57,"column":2},"end":{"line":57,"column":null}},"23":{"start":{"line":58,"column":2},"end":{"line":58,"column":null}},"24":{"start":{"line":62,"column":18},"end":{"line":67,"column":null}},"25":{"start":{"line":68,"column":2},"end":{"line":70,"column":null}},"26":{"start":{"line":69,"column":4},"end":{"line":69,"column":null}},"27":{"start":{"line":71,"column":2},"end":{"line":71,"column":null}},"28":{"start":{"line":75,"column":2},"end":{"line":75,"column":null}},"29":{"start":{"line":75,"column":35},"end":{"line":75,"column":null}},"30":{"start":{"line":77,"column":2},"end":{"line":86,"column":null}},"31":{"start":{"line":78,"column":16},"end":{"line":78,"column":null}},"32":{"start":{"line":79,"column":4},"end":{"line":82,"column":null}},"33":{"start":{"line":85,"column":4},"end":{"line":85,"column":null}},"34":{"start":{"line":90,"column":2},"end":{"line":90,"column":null}},"35":{"start":{"line":94,"column":2},"end":{"line":108,"column":null}},"36":{"start":{"line":95,"column":16},"end":{"line":95,"column":null}},"37":{"start":{"line":96,"column":4},"end":{"line":104,"column":null}},"38":{"start":{"line":107,"column":4},"end":{"line":107,"column":null}},"39":{"start":{"line":112,"column":2},"end":{"line":117,"column":null}},"40":{"start":{"line":122,"column":17},"end":{"line":122,"column":null}},"41":{"start":{"line":123,"column":2},"end":{"line":125,"column":null}},"42":{"start":{"line":124,"column":4},"end":{"line":124,"column":null}},"43":{"start":{"line":127,"column":17},"end":{"line":127,"column":null}},"44":{"start":{"line":128,"column":15},"end":{"line":128,"column":null}},"45":{"start":{"line":129,"column":2},"end":{"line":138,"column":null}},"46":{"start":{"line":137,"column":4},"end":{"line":137,"column":null}},"47":{"start":{"line":140,"column":2},"end":{"line":140,"column":null}},"48":{"start":{"line":144,"column":2},"end":{"line":151,"column":null}},"49":{"start":{"line":145,"column":19},"end":{"line":145,"column":null}},"50":{"start":{"line":146,"column":4},"end":{"line":150,"column":null}},"51":{"start":{"line":153,"column":2},"end":{"line":155,"column":null}},"52":{"start":{"line":154,"column":4},"end":{"line":154,"column":null}},"53":{"start":{"line":157,"column":2},"end":{"line":157,"column":null}},"54":{"start":{"line":163,"column":17},"end":{"line":163,"column":null}},"55":{"start":{"line":164,"column":2},"end":{"line":164,"column":null}},"56":{"start":{"line":164,"column":15},"end":{"line":164,"column":null}},"57":{"start":{"line":165,"column":31},"end":{"line":165,"column":null}},"58":{"start":{"line":166,"column":17},"end":{"line":166,"column":null}},"59":{"start":{"line":167,"column":2},"end":{"line":176,"column":null}},"60":{"start":{"line":168,"column":28},"end":{"line":168,"column":null}},"61":{"start":{"line":169,"column":4},"end":{"line":169,"column":null}},"62":{"start":{"line":169,"column":14},"end":{"line":169,"column":null}},"63":{"start":{"line":170,"column":4},"end":{"line":170,"column":null}},"64":{"start":{"line":171,"column":4},"end":{"line":174,"column":null}},"65":{"start":{"line":172,"column":6},"end":{"line":172,"column":null}},"66":{"start":{"line":173,"column":6},"end":{"line":173,"column":null}},"67":{"start":{"line":175,"column":4},"end":{"line":175,"column":null}},"68":{"start":{"line":177,"column":16},"end":{"line":177,"column":null}},"69":{"start":{"line":177,"column":42},"end":{"line":177,"column":62}},"70":{"start":{"line":178,"column":14},"end":{"line":178,"column":null}},"71":{"start":{"line":179,"column":15},"end":{"line":179,"column":null}},"72":{"start":{"line":180,"column":2},"end":{"line":183,"column":null}},"73":{"start":{"line":181,"column":4},"end":{"line":181,"column":null}},"74":{"start":{"line":182,"column":4},"end":{"line":182,"column":null}},"75":{"start":{"line":184,"column":2},"end":{"line":184,"column":null}},"76":{"start":{"line":187,"column":52},"end":{"line":193,"column":null}},"77":{"start":{"line":188,"column":17},"end":{"line":188,"column":null}},"78":{"start":{"line":189,"column":18},"end":{"line":189,"column":null}},"79":{"start":{"line":190,"column":2},"end":{"line":190,"column":null}},"80":{"start":{"line":191,"column":2},"end":{"line":191,"column":null}},"81":{"start":{"line":192,"column":2},"end":{"line":192,"column":null}},"82":{"start":{"line":195,"column":48},"end":{"line":199,"column":null}},"83":{"start":{"line":196,"column":19},"end":{"line":196,"column":null}},"84":{"start":{"line":197,"column":2},"end":{"line":197,"column":null}},"85":{"start":{"line":198,"column":2},"end":{"line":198,"column":null}},"86":{"start":{"line":200,"column":28},"end":{"line":200,"column":null}},"87":{"start":{"line":201,"column":31},"end":{"line":201,"column":null}},"88":{"start":{"line":203,"column":49},"end":{"line":280,"column":null}},"89":{"start":{"line":204,"column":27},"end":{"line":204,"column":null}},"90":{"start":{"line":205,"column":17},"end":{"line":205,"column":null}},"91":{"start":{"line":207,"column":2},"end":{"line":209,"column":null}},"92":{"start":{"line":208,"column":4},"end":{"line":208,"column":null}},"93":{"start":{"line":211,"column":25},"end":{"line":211,"column":null}},"94":{"start":{"line":212,"column":2},"end":{"line":214,"column":null}},"95":{"start":{"line":213,"column":4},"end":{"line":213,"column":null}},"96":{"start":{"line":217,"column":2},"end":{"line":224,"column":null}},"97":{"start":{"line":218,"column":4},"end":{"line":218,"column":null}},"98":{"start":{"line":220,"column":4},"end":{"line":222,"column":null}},"99":{"start":{"line":221,"column":6},"end":{"line":221,"column":null}},"100":{"start":{"line":223,"column":4},"end":{"line":223,"column":null}},"101":{"start":{"line":227,"column":2},"end":{"line":231,"column":null}},"102":{"start":{"line":228,"column":4},"end":{"line":228,"column":null}},"103":{"start":{"line":230,"column":4},"end":{"line":230,"column":null}},"104":{"start":{"line":233,"column":17},"end":{"line":233,"column":null}},"105":{"start":{"line":234,"column":2},"end":{"line":236,"column":null}},"106":{"start":{"line":235,"column":4},"end":{"line":235,"column":null}},"107":{"start":{"line":237,"column":15},"end":{"line":237,"column":null}},"108":{"start":{"line":239,"column":14},"end":{"line":239,"column":null}},"109":{"start":{"line":240,"column":13},"end":{"line":240,"column":null}},"110":{"start":{"line":241,"column":20},"end":{"line":241,"column":null}},"111":{"start":{"line":242,"column":23},"end":{"line":242,"column":null}},"112":{"start":{"line":243,"column":2},"end":{"line":245,"column":null}},"113":{"start":{"line":244,"column":4},"end":{"line":244,"column":null}},"114":{"start":{"line":247,"column":21},"end":{"line":247,"column":null}},"115":{"start":{"line":248,"column":18},"end":{"line":248,"column":null}},"116":{"start":{"line":248,"column":35},"end":{"line":248,"column":55}},"117":{"start":{"line":250,"column":2},"end":{"line":276,"column":null}},"118":{"start":{"line":251,"column":19},"end":{"line":251,"column":null}},"119":{"start":{"line":252,"column":28},"end":{"line":257,"column":null}},"120":{"start":{"line":258,"column":4},"end":{"line":258,"column":null}},"121":{"start":{"line":258,"column":29},"end":{"line":258,"column":null}},"122":{"start":{"line":259,"column":4},"end":{"line":270,"column":null}},"123":{"start":{"line":260,"column":30},"end":{"line":260,"column":null}},"124":{"start":{"line":261,"column":6},"end":{"line":269,"column":null}},"125":{"start":{"line":268,"column":8},"end":{"line":268,"column":null}},"126":{"start":{"line":272,"column":4},"end":{"line":272,"column":null}},"127":{"start":{"line":273,"column":4},"end":{"line":273,"column":null}},"128":{"start":{"line":275,"column":4},"end":{"line":275,"column":null}},"129":{"start":{"line":278,"column":2},"end":{"line":278,"column":null}},"130":{"start":{"line":279,"column":2},"end":{"line":279,"column":null}}},"fnMap":{"0":{"name":"resetLeadRateLimiter","decl":{"start":{"line":34,"column":16},"end":{"line":34,"column":39}},"loc":{"start":{"line":34,"column":39},"end":{"line":37,"column":null}},"line":34},"1":{"name":"isRateLimitedMemory","decl":{"start":{"line":39,"column":9},"end":{"line":39,"column":29}},"loc":{"start":{"line":39,"column":127},"end":{"line":44,"column":null}},"line":39},"2":{"name":"(anonymous_2)","decl":{"start":{"line":40,"column":38},"end":{"line":40,"column":46}},"loc":{"start":{"line":40,"column":52},"end":{"line":40,"column":76}},"line":40},"3":{"name":"isRateLimited","decl":{"start":{"line":46,"column":15},"end":{"line":46,"column":null}},"loc":{"start":{"line":52,"column":2},"end":{"line":59,"column":null}},"line":52},"4":{"name":"(anonymous_4)","decl":{"start":{"line":55,"column":48},"end":{"line":55,"column":56}},"loc":{"start":{"line":55,"column":62},"end":{"line":55,"column":86}},"line":55},"5":{"name":"corsHeaders","decl":{"start":{"line":61,"column":9},"end":{"line":61,"column":21}},"loc":{"start":{"line":61,"column":44},"end":{"line":72,"column":null}},"line":61},"6":{"name":"isAllowedOrigin","decl":{"start":{"line":74,"column":9},"end":{"line":74,"column":25}},"loc":{"start":{"line":74,"column":50},"end":{"line":87,"column":null}},"line":74},"7":{"name":"jsonResponse","decl":{"start":{"line":89,"column":9},"end":{"line":89,"column":22}},"loc":{"start":{"line":89,"column":76},"end":{"line":91,"column":null}},"line":89},"8":{"name":"isAllowedAppsScriptUrl","decl":{"start":{"line":93,"column":9},"end":{"line":93,"column":32}},"loc":{"start":{"line":93,"column":56},"end":{"line":109,"column":null}},"line":93},"9":{"name":"isStrongWebhookToken","decl":{"start":{"line":111,"column":9},"end":{"line":111,"column":30}},"loc":{"start":{"line":111,"column":63},"end":{"line":119,"column":null}},"line":111},"10":{"name":"parseAuthenticatedWebhookConfig","decl":{"start":{"line":121,"column":9},"end":{"line":121,"column":41}},"loc":{"start":{"line":121,"column":92},"end":{"line":141,"column":null}},"line":121},"11":{"name":"resolveWebhookTarget","decl":{"start":{"line":143,"column":9},"end":{"line":143,"column":30}},"loc":{"start":{"line":143,"column":70},"end":{"line":158,"column":null}},"line":143},"12":{"name":"readBodyWithLimit","decl":{"start":{"line":162,"column":15},"end":{"line":162,"column":33}},"loc":{"start":{"line":162,"column":88},"end":{"line":185,"column":null}},"line":162},"13":{"name":"(anonymous_13)","decl":{"start":{"line":177,"column":23},"end":{"line":177,"column":31}},"loc":{"start":{"line":177,"column":42},"end":{"line":177,"column":62}},"line":177},"14":{"name":"(anonymous_14)","decl":{"start":{"line":187,"column":52},"end":{"line":187,"column":59}},"loc":{"start":{"line":187,"column":75},"end":{"line":193,"column":null}},"line":187},"15":{"name":"(anonymous_15)","decl":{"start":{"line":195,"column":48},"end":{"line":195,"column":55}},"loc":{"start":{"line":195,"column":71},"end":{"line":199,"column":null}},"line":195},"16":{"name":"(anonymous_16)","decl":{"start":{"line":203,"column":49},"end":{"line":203,"column":56}},"loc":{"start":{"line":203,"column":68},"end":{"line":280,"column":null}},"line":203},"17":{"name":"(anonymous_17)","decl":{"start":{"line":248,"column":18},"end":{"line":248,"column":35}},"loc":{"start":{"line":248,"column":35},"end":{"line":248,"column":55}},"line":248}},"branchMap":{"0":{"loc":{"start":{"line":40,"column":16},"end":{"line":40,"column":36}},"type":"binary-expr","locations":[{"start":{"line":40,"column":16},"end":{"line":40,"column":34}},{"start":{"line":40,"column":34},"end":{"line":40,"column":36}}],"line":40},"1":{"loc":{"start":{"line":53,"column":2},"end":{"line":53,"column":null}},"type":"if","locations":[{"start":{"line":53,"column":2},"end":{"line":53,"column":null}},{"start":{},"end":{}}],"line":53},"2":{"loc":{"start":{"line":55,"column":17},"end":{"line":55,"column":46}},"type":"binary-expr","locations":[{"start":{"line":55,"column":17},"end":{"line":55,"column":44}},{"start":{"line":55,"column":44},"end":{"line":55,"column":46}}],"line":55},"3":{"loc":{"start":{"line":68,"column":2},"end":{"line":70,"column":null}},"type":"if","locations":[{"start":{"line":68,"column":2},"end":{"line":70,"column":null}},{"start":{},"end":{}}],"line":68},"4":{"loc":{"start":{"line":68,"column":6},"end":{"line":68,"column":41}},"type":"binary-expr","locations":[{"start":{"line":68,"column":6},"end":{"line":68,"column":16}},{"start":{"line":68,"column":16},"end":{"line":68,"column":41}}],"line":68},"5":{"loc":{"start":{"line":75,"column":2},"end":{"line":75,"column":null}},"type":"if","locations":[{"start":{"line":75,"column":2},"end":{"line":75,"column":null}},{"start":{},"end":{}}],"line":75},"6":{"loc":{"start":{"line":80,"column":6},"end":{"line":82,"column":null}},"type":"binary-expr","locations":[{"start":{"line":80,"column":6},"end":{"line":80,"column":null}},{"start":{"line":81,"column":6},"end":{"line":81,"column":null}},{"start":{"line":82,"column":6},"end":{"line":82,"column":null}}],"line":80},"7":{"loc":{"start":{"line":97,"column":6},"end":{"line":104,"column":null}},"type":"binary-expr","locations":[{"start":{"line":97,"column":6},"end":{"line":97,"column":null}},{"start":{"line":98,"column":6},"end":{"line":98,"column":null}},{"start":{"line":99,"column":6},"end":{"line":99,"column":null}},{"start":{"line":100,"column":6},"end":{"line":100,"column":null}},{"start":{"line":101,"column":6},"end":{"line":101,"column":null}},{"start":{"line":102,"column":6},"end":{"line":102,"column":null}},{"start":{"line":103,"column":6},"end":{"line":103,"column":null}},{"start":{"line":104,"column":6},"end":{"line":104,"column":null}}],"line":97},"8":{"loc":{"start":{"line":113,"column":4},"end":{"line":117,"column":null}},"type":"binary-expr","locations":[{"start":{"line":113,"column":4},"end":{"line":113,"column":null}},{"start":{"line":114,"column":4},"end":{"line":114,"column":null}},{"start":{"line":115,"column":4},"end":{"line":115,"column":null}},{"start":{"line":116,"column":4},"end":{"line":116,"column":null}},{"start":{"line":117,"column":4},"end":{"line":117,"column":null}}],"line":113},"9":{"loc":{"start":{"line":123,"column":2},"end":{"line":125,"column":null}},"type":"if","locations":[{"start":{"line":123,"column":2},"end":{"line":125,"column":null}},{"start":{},"end":{}}],"line":123},"10":{"loc":{"start":{"line":123,"column":6},"end":{"line":123,"column":70}},"type":"binary-expr","locations":[{"start":{"line":123,"column":6},"end":{"line":123,"column":17}},{"start":{"line":123,"column":17},"end":{"line":123,"column":47}},{"start":{"line":123,"column":47},"end":{"line":123,"column":70}}],"line":123},"11":{"loc":{"start":{"line":129,"column":2},"end":{"line":138,"column":null}},"type":"if","locations":[{"start":{"line":129,"column":2},"end":{"line":138,"column":null}},{"start":{},"end":{}}],"line":129},"12":{"loc":{"start":{"line":130,"column":4},"end":{"line":135,"column":null}},"type":"binary-expr","locations":[{"start":{"line":130,"column":4},"end":{"line":130,"column":null}},{"start":{"line":131,"column":4},"end":{"line":131,"column":null}},{"start":{"line":132,"column":4},"end":{"line":132,"column":null}},{"start":{"line":133,"column":4},"end":{"line":133,"column":null}},{"start":{"line":134,"column":4},"end":{"line":134,"column":null}},{"start":{"line":135,"column":4},"end":{"line":135,"column":null}}],"line":130},"13":{"loc":{"start":{"line":144,"column":2},"end":{"line":151,"column":null}},"type":"if","locations":[{"start":{"line":144,"column":2},"end":{"line":151,"column":null}},{"start":{},"end":{}}],"line":144},"14":{"loc":{"start":{"line":153,"column":2},"end":{"line":155,"column":null}},"type":"if","locations":[{"start":{"line":153,"column":2},"end":{"line":155,"column":null}},{"start":{},"end":{}}],"line":153},"15":{"loc":{"start":{"line":153,"column":6},"end":{"line":153,"column":78}},"type":"binary-expr","locations":[{"start":{"line":153,"column":6},"end":{"line":153,"column":31}},{"start":{"line":153,"column":31},"end":{"line":153,"column":78}}],"line":153},"16":{"loc":{"start":{"line":164,"column":2},"end":{"line":164,"column":null}},"type":"if","locations":[{"start":{"line":164,"column":2},"end":{"line":164,"column":null}},{"start":{},"end":{}}],"line":164},"17":{"loc":{"start":{"line":169,"column":4},"end":{"line":169,"column":null}},"type":"if","locations":[{"start":{"line":169,"column":4},"end":{"line":169,"column":null}},{"start":{},"end":{}}],"line":169},"18":{"loc":{"start":{"line":171,"column":4},"end":{"line":174,"column":null}},"type":"if","locations":[{"start":{"line":171,"column":4},"end":{"line":174,"column":null}},{"start":{},"end":{}}],"line":171},"19":{"loc":{"start":{"line":207,"column":2},"end":{"line":209,"column":null}},"type":"if","locations":[{"start":{"line":207,"column":2},"end":{"line":209,"column":null}},{"start":{},"end":{}}],"line":207},"20":{"loc":{"start":{"line":207,"column":6},"end":{"line":207,"column":42}},"type":"binary-expr","locations":[{"start":{"line":207,"column":6},"end":{"line":207,"column":16}},{"start":{"line":207,"column":16},"end":{"line":207,"column":42}}],"line":207},"21":{"loc":{"start":{"line":211,"column":32},"end":{"line":211,"column":76}},"type":"binary-expr","locations":[{"start":{"line":211,"column":32},"end":{"line":211,"column":73}},{"start":{"line":211,"column":73},"end":{"line":211,"column":76}}],"line":211},"22":{"loc":{"start":{"line":212,"column":2},"end":{"line":214,"column":null}},"type":"if","locations":[{"start":{"line":212,"column":2},"end":{"line":214,"column":null}},{"start":{},"end":{}}],"line":212},"23":{"loc":{"start":{"line":220,"column":4},"end":{"line":222,"column":null}},"type":"if","locations":[{"start":{"line":220,"column":4},"end":{"line":222,"column":null}},{"start":{},"end":{}}],"line":220},"24":{"loc":{"start":{"line":234,"column":2},"end":{"line":236,"column":null}},"type":"if","locations":[{"start":{"line":234,"column":2},"end":{"line":236,"column":null}},{"start":{},"end":{}}],"line":234},"25":{"loc":{"start":{"line":240,"column":13},"end":{"line":240,"column":null}},"type":"binary-expr","locations":[{"start":{"line":240,"column":13},"end":{"line":240,"column":56}},{"start":{"line":240,"column":56},"end":{"line":240,"column":null}}],"line":240},"26":{"loc":{"start":{"line":243,"column":2},"end":{"line":245,"column":null}},"type":"if","locations":[{"start":{"line":243,"column":2},"end":{"line":245,"column":null}},{"start":{},"end":{}}],"line":243},"27":{"loc":{"start":{"line":243,"column":6},"end":{"line":243,"column":33}},"type":"binary-expr","locations":[{"start":{"line":243,"column":6},"end":{"line":243,"column":19}},{"start":{"line":243,"column":19},"end":{"line":243,"column":33}}],"line":243},"28":{"loc":{"start":{"line":258,"column":4},"end":{"line":258,"column":null}},"type":"if","locations":[{"start":{"line":258,"column":4},"end":{"line":258,"column":null}},{"start":{},"end":{}}],"line":258},"29":{"loc":{"start":{"line":259,"column":4},"end":{"line":270,"column":null}},"type":"if","locations":[{"start":{"line":259,"column":4},"end":{"line":270,"column":null}},{"start":{},"end":{}}],"line":259},"30":{"loc":{"start":{"line":261,"column":6},"end":{"line":269,"column":null}},"type":"if","locations":[{"start":{"line":261,"column":6},"end":{"line":269,"column":null}},{"start":{},"end":{}}],"line":261},"31":{"loc":{"start":{"line":262,"column":8},"end":{"line":266,"column":null}},"type":"binary-expr","locations":[{"start":{"line":262,"column":8},"end":{"line":262,"column":null}},{"start":{"line":263,"column":8},"end":{"line":263,"column":null}},{"start":{"line":264,"column":8},"end":{"line":264,"column":null}},{"start":{"line":265,"column":8},"end":{"line":265,"column":null}},{"start":{"line":266,"column":9},"end":{"line":266,"column":null}}],"line":262}},"s":{"0":1,"1":1,"2":1,"3":1,"4":1,"5":1,"6":1,"7":1,"8":1,"9":29,"10":29,"11":62,"12":18,"13":62,"14":62,"15":62,"16":62,"17":62,"18":0,"19":0,"20":0,"21":62,"22":62,"23":0,"24":38,"25":38,"26":36,"27":38,"28":74,"29":68,"30":6,"31":6,"32":6,"33":0,"34":37,"35":26,"36":26,"37":26,"38":0,"39":9,"40":16,"41":16,"42":0,"43":15,"44":15,"45":15,"46":10,"47":5,"48":29,"49":16,"50":16,"51":13,"52":2,"53":11,"54":34,"55":34,"56":0,"57":34,"58":34,"59":34,"60":67,"61":67,"62":33,"63":34,"64":34,"65":1,"66":1,"67":33,"68":33,"69":33,"70":33,"71":33,"72":33,"73":33,"74":33,"75":33,"76":1,"77":1,"78":1,"79":1,"80":1,"81":1,"82":1,"83":1,"84":1,"85":1,"86":1,"87":1,"88":1,"89":36,"90":36,"91":36,"92":2,"93":34,"94":36,"95":0,"96":34,"97":34,"98":1,"99":1,"100":0,"101":33,"102":33,"103":0,"104":33,"105":33,"106":2,"107":31,"108":31,"109":31,"110":36,"111":31,"112":31,"113":2,"114":29,"115":29,"116":0,"117":29,"118":29,"119":29,"120":14,"121":14,"122":13,"123":4,"124":3,"125":2,"126":19,"127":19,"128":29,"129":10,"130":10},"f":{"0":29,"1":62,"2":18,"3":62,"4":0,"5":38,"6":74,"7":37,"8":26,"9":9,"10":16,"11":29,"12":34,"13":33,"14":1,"15":1,"16":36,"17":0},"b":{"0":[62,55],"1":[62,0],"2":[0,0],"3":[36,2],"4":[38,38],"5":[68,6],"6":[6,6,6],"7":[26,25,22,22,22,22,21,20],"8":[9,9,8,7,5],"9":[0,16],"10":[16,15,15],"11":[10,5],"12":[15,14,14,14,14,9],"13":[16,13],"14":[2,11],"15":[13,12],"16":[0,34],"17":[33,34],"18":[1,33],"19":[2,34],"20":[36,36],"21":[34,34],"22":[0,36],"23":[1,0],"24":[2,31],"25":[31,0],"26":[2,29],"27":[31,30],"28":[1,13],"29":[4,9],"30":[2,1],"31":[3,3,3,3,1]},"meta":{"lastBranch":32,"lastFunction":18,"lastStatement":131,"seen":{"s:13:24:13:Infinity":0,"s:15:26:15:Infinity":1,"s:16:17:16:Infinity":2,"s:17:20:17:Infinity":3,"s:18:27:18:Infinity":4,"s:19:33:19:Infinity":5,"s:20:33:20:Infinity":6,"s:31:19:31:Infinity":7,"s:32:22:32:Infinity":8,"f:34:16:34:39":0,"s:35:2:35:Infinity":9,"s:36:2:36:Infinity":10,"f:39:9:39:29":1,"s:40:8:40:Infinity":11,"b:40:16:40:34:40:34:40:36":0,"f:40:38:40:46":2,"s:40:52:40:76":12,"s:41:2:41:Infinity":13,"s:42:2:42:Infinity":14,"s:43:2:43:Infinity":15,"f:46:15:46:Infinity":3,"b:53:2:53:Infinity:undefined:undefined:undefined:undefined":1,"s:53:2:53:Infinity":16,"s:53:11:53:Infinity":17,"s:54:14:54:Infinity":18,"s:55:8:55:Infinity":19,"b:55:17:55:44:55:44:55:46":2,"f:55:48:55:56":4,"s:55:62:55:86":20,"s:56:2:56:Infinity":21,"s:57:2:57:Infinity":22,"s:58:2:58:Infinity":23,"f:61:9:61:21":5,"s:62:18:67:Infinity":24,"b:68:2:70:Infinity:undefined:undefined:undefined:undefined":3,"s:68:2:70:Infinity":25,"b:68:6:68:16:68:16:68:41":4,"s:69:4:69:Infinity":26,"s:71:2:71:Infinity":27,"f:74:9:74:25":6,"b:75:2:75:Infinity:undefined:undefined:undefined:undefined":5,"s:75:2:75:Infinity":28,"s:75:35:75:Infinity":29,"s:77:2:86:Infinity":30,"s:78:16:78:Infinity":31,"s:79:4:82:Infinity":32,"b:80:6:80:Infinity:81:6:81:Infinity:82:6:82:Infinity":6,"s:85:4:85:Infinity":33,"f:89:9:89:22":7,"s:90:2:90:Infinity":34,"f:93:9:93:32":8,"s:94:2:108:Infinity":35,"s:95:16:95:Infinity":36,"s:96:4:104:Infinity":37,"b:97:6:97:Infinity:98:6:98:Infinity:99:6:99:Infinity:100:6:100:Infinity:101:6:101:Infinity:102:6:102:Infinity:103:6:103:Infinity:104:6:104:Infinity":7,"s:107:4:107:Infinity":38,"f:111:9:111:30":9,"s:112:2:117:Infinity":39,"b:113:4:113:Infinity:114:4:114:Infinity:115:4:115:Infinity:116:4:116:Infinity:117:4:117:Infinity":8,"f:121:9:121:41":10,"s:122:17:122:Infinity":40,"b:123:2:125:Infinity:undefined:undefined:undefined:undefined":9,"s:123:2:125:Infinity":41,"b:123:6:123:17:123:17:123:47:123:47:123:70":10,"s:124:4:124:Infinity":42,"s:127:17:127:Infinity":43,"s:128:15:128:Infinity":44,"b:129:2:138:Infinity:undefined:undefined:undefined:undefined":11,"s:129:2:138:Infinity":45,"b:130:4:130:Infinity:131:4:131:Infinity:132:4:132:Infinity:133:4:133:Infinity:134:4:134:Infinity:135:4:135:Infinity":12,"s:137:4:137:Infinity":46,"s:140:2:140:Infinity":47,"f:143:9:143:30":11,"b:144:2:151:Infinity:undefined:undefined:undefined:undefined":13,"s:144:2:151:Infinity":48,"s:145:19:145:Infinity":49,"s:146:4:150:Infinity":50,"b:153:2:155:Infinity:undefined:undefined:undefined:undefined":14,"s:153:2:155:Infinity":51,"b:153:6:153:31:153:31:153:78":15,"s:154:4:154:Infinity":52,"s:157:2:157:Infinity":53,"f:162:15:162:33":12,"s:163:17:163:Infinity":54,"b:164:2:164:Infinity:undefined:undefined:undefined:undefined":16,"s:164:2:164:Infinity":55,"s:164:15:164:Infinity":56,"s:165:31:165:Infinity":57,"s:166:17:166:Infinity":58,"s:167:2:176:Infinity":59,"s:168:28:168:Infinity":60,"b:169:4:169:Infinity:undefined:undefined:undefined:undefined":17,"s:169:4:169:Infinity":61,"s:169:14:169:Infinity":62,"s:170:4:170:Infinity":63,"b:171:4:174:Infinity:undefined:undefined:undefined:undefined":18,"s:171:4:174:Infinity":64,"s:172:6:172:Infinity":65,"s:173:6:173:Infinity":66,"s:175:4:175:Infinity":67,"s:177:16:177:Infinity":68,"f:177:23:177:31":13,"s:177:42:177:62":69,"s:178:14:178:Infinity":70,"s:179:15:179:Infinity":71,"s:180:2:183:Infinity":72,"s:181:4:181:Infinity":73,"s:182:4:182:Infinity":74,"s:184:2:184:Infinity":75,"s:187:52:193:Infinity":76,"f:187:52:187:59":14,"s:188:17:188:Infinity":77,"s:189:18:189:Infinity":78,"s:190:2:190:Infinity":79,"s:191:2:191:Infinity":80,"s:192:2:192:Infinity":81,"s:195:48:199:Infinity":82,"f:195:48:195:55":15,"s:196:19:196:Infinity":83,"s:197:2:197:Infinity":84,"s:198:2:198:Infinity":85,"s:200:28:200:Infinity":86,"s:201:31:201:Infinity":87,"s:203:49:280:Infinity":88,"f:203:49:203:56":16,"s:204:27:204:Infinity":89,"s:205:17:205:Infinity":90,"b:207:2:209:Infinity:undefined:undefined:undefined:undefined":19,"s:207:2:209:Infinity":91,"b:207:6:207:16:207:16:207:42":20,"s:208:4:208:Infinity":92,"s:211:25:211:Infinity":93,"b:211:32:211:73:211:73:211:76":21,"b:212:2:214:Infinity:undefined:undefined:undefined:undefined":22,"s:212:2:214:Infinity":94,"s:213:4:213:Infinity":95,"s:217:2:224:Infinity":96,"s:218:4:218:Infinity":97,"b:220:4:222:Infinity:undefined:undefined:undefined:undefined":23,"s:220:4:222:Infinity":98,"s:221:6:221:Infinity":99,"s:223:4:223:Infinity":100,"s:227:2:231:Infinity":101,"s:228:4:228:Infinity":102,"s:230:4:230:Infinity":103,"s:233:17:233:Infinity":104,"b:234:2:236:Infinity:undefined:undefined:undefined:undefined":24,"s:234:2:236:Infinity":105,"s:235:4:235:Infinity":106,"s:237:15:237:Infinity":107,"s:239:14:239:Infinity":108,"s:240:13:240:Infinity":109,"b:240:13:240:56:240:56:240:Infinity":25,"s:241:20:241:Infinity":110,"s:242:23:242:Infinity":111,"b:243:2:245:Infinity:undefined:undefined:undefined:undefined":26,"s:243:2:245:Infinity":112,"b:243:6:243:19:243:19:243:33":27,"s:244:4:244:Infinity":113,"s:247:21:247:Infinity":114,"s:248:18:248:Infinity":115,"f:248:18:248:35":17,"s:248:35:248:55":116,"s:250:2:276:Infinity":117,"s:251:19:251:Infinity":118,"s:252:28:257:Infinity":119,"b:258:4:258:Infinity:undefined:undefined:undefined:undefined":28,"s:258:4:258:Infinity":120,"s:258:29:258:Infinity":121,"b:259:4:270:Infinity:undefined:undefined:undefined:undefined":29,"s:259:4:270:Infinity":122,"s:260:30:260:Infinity":123,"b:261:6:269:Infinity:undefined:undefined:undefined:undefined":30,"s:261:6:269:Infinity":124,"b:262:8:262:Infinity:263:8:263:Infinity:264:8:264:Infinity:265:8:265:Infinity:266:9:266:Infinity":31,"s:268:8:268:Infinity":125,"s:272:4:272:Infinity":126,"s:273:4:273:Infinity":127,"s:275:4:275:Infinity":128,"s:278:2:278:Infinity":129,"s:279:2:279:Infinity":130}}}
,"/app/src/data/articles.ts": {"path":"/app/src/data/articles.ts","statementMap":{"0":{"start":{"line":3,"column":35},"end":{"line":261,"column":null}}},"fnMap":{},"branchMap":{},"s":{"0":2},"f":{},"b":{},"meta":{"lastBranch":0,"lastFunction":0,"lastStatement":1,"seen":{"s:3:35:261:Infinity":0}}}
,"/app/src/data/clientLocations.ts": {"path":"/app/src/data/clientLocations.ts","statementMap":{"0":{"start":{"line":5,"column":31},"end":{"line":30,"column":null}}},"fnMap":{},"branchMap":{},"s":{"0":1},"f":{},"b":{},"meta":{"lastBranch":0,"lastFunction":0,"lastStatement":1,"seen":{"s:5:31:30:Infinity":0}}}
,"/app/src/data/consent.ts": {"path":"/app/src/data/consent.ts","statementMap":{"0":{"start":{"line":8,"column":5},"end":{"line":27,"column":null}},"1":{"start":{"line":30,"column":2},"end":{"line":30,"column":null}},"2":{"start":{"line":30,"column":48},"end":{"line":30,"column":65}},"3":{"start":{"line":30,"column":85},"end":{"line":30,"column":96}}},"fnMap":{"0":{"name":"getRequiredConsentCategories","decl":{"start":{"line":29,"column":16},"end":{"line":29,"column":47}},"loc":{"start":{"line":29,"column":47},"end":{"line":31,"column":null}},"line":29},"1":{"name":"(anonymous_1)","decl":{"start":{"line":30,"column":27},"end":{"line":30,"column":35}},"loc":{"start":{"line":30,"column":48},"end":{"line":30,"column":65}},"line":30},"2":{"name":"(anonymous_2)","decl":{"start":{"line":30,"column":67},"end":{"line":30,"column":72}},"loc":{"start":{"line":30,"column":85},"end":{"line":30,"column":96}},"line":30}},"branchMap":{},"s":{"0":1,"1":1,"2":3,"3":1},"f":{"0":1,"1":3,"2":1},"b":{},"meta":{"lastBranch":0,"lastFunction":3,"lastStatement":4,"seen":{"s:8:5:27:Infinity":0,"f:29:16:29:47":0,"s:30:2:30:Infinity":1,"f:30:27:30:35":1,"s:30:48:30:65":2,"f:30:67:30:72":2,"s:30:85:30:96":3}}}
,"/app/src/data/germanyMap.ts": {"path":"/app/src/data/germanyMap.ts","statementMap":{"0":{"start":{"line":5,"column":33},"end":{"line":5,"column":null}},"1":{"start":{"line":7,"column":32},"end":{"line":12,"column":null}},"2":{"start":{"line":14,"column":29},"end":{"line":127,"column":null}},"3":{"start":{"line":129,"column":35},"end":{"line":179,"column":null}}},"fnMap":{},"branchMap":{},"s":{"0":1,"1":1,"2":1,"3":1},"f":{},"b":{},"meta":{"lastBranch":0,"lastFunction":0,"lastStatement":4,"seen":{"s:5:33:5:Infinity":0,"s:7:32:12:Infinity":1,"s:14:29:127:Infinity":2,"s:129:35:179:Infinity":3}}}
,"/app/src/data/industries.ts": {"path":"/app/src/data/industries.ts","statementMap":{"0":{"start":{"line":3,"column":38},"end":{"line":320,"column":null}}},"fnMap":{},"branchMap":{},"s":{"0":2},"f":{},"b":{},"meta":{"lastBranch":0,"lastFunction":0,"lastStatement":1,"seen":{"s:3:38:320:Infinity":0}}}
,"/app/src/data/localization.ts": {"path":"/app/src/data/localization.ts","statementMap":{"0":{"start":{"line":8,"column":5},"end":{"line":15,"column":null}},"1":{"start":{"line":17,"column":38},"end":{"line":17,"column":null}},"2":{"start":{"line":20,"column":8},"end":{"line":20,"column":null}},"3":{"start":{"line":21,"column":18},"end":{"line":21,"column":null}},"4":{"start":{"line":22,"column":17},"end":{"line":22,"column":null}},"5":{"start":{"line":22,"column":55},"end":{"line":22,"column":80}},"6":{"start":{"line":23,"column":16},"end":{"line":23,"column":null}},"7":{"start":{"line":23,"column":73},"end":{"line":23,"column":93}},"8":{"start":{"line":24,"column":2},"end":{"line":26,"column":null}},"9":{"start":{"line":25,"column":19},"end":{"line":25,"column":80}},"10":{"start":{"line":25,"column":57},"end":{"line":25,"column":79}},"11":{"start":{"line":26,"column":75},"end":{"line":26,"column":92}}},"fnMap":{"0":{"name":"resolveSuggestedLanguages","decl":{"start":{"line":19,"column":16},"end":{"line":19,"column":42}},"loc":{"start":{"line":19,"column":70},"end":{"line":27,"column":null}},"line":19},"1":{"name":"(anonymous_1)","decl":{"start":{"line":22,"column":36},"end":{"line":22,"column":42}},"loc":{"start":{"line":22,"column":55},"end":{"line":22,"column":80}},"line":22},"2":{"name":"(anonymous_2)","decl":{"start":{"line":23,"column":56},"end":{"line":23,"column":64}},"loc":{"start":{"line":23,"column":73},"end":{"line":23,"column":93}},"line":23},"3":{"name":"(anonymous_3)","decl":{"start":{"line":25,"column":5},"end":{"line":25,"column":10}},"loc":{"start":{"line":25,"column":19},"end":{"line":25,"column":80}},"line":25},"4":{"name":"(anonymous_4)","decl":{"start":{"line":25,"column":38},"end":{"line":25,"column":44}},"loc":{"start":{"line":25,"column":57},"end":{"line":25,"column":79}},"line":25},"5":{"name":"(anonymous_5)","decl":{"start":{"line":26,"column":5},"end":{"line":26,"column":13}},"loc":{"start":{"line":26,"column":75},"end":{"line":26,"column":92}},"line":26}},"branchMap":{"0":{"loc":{"start":{"line":20,"column":22},"end":{"line":20,"column":34}},"type":"binary-expr","locations":[{"start":{"line":20,"column":22},"end":{"line":20,"column":32}},{"start":{"line":20,"column":32},"end":{"line":20,"column":34}}],"line":20},"1":{"loc":{"start":{"line":23,"column":16},"end":{"line":23,"column":null}},"type":"cond-expr","locations":[{"start":{"line":23,"column":25},"end":{"line":23,"column":98}},{"start":{"line":23,"column":98},"end":{"line":23,"column":null}}],"line":23}},"s":{"0":1,"1":1,"2":2,"3":2,"4":2,"5":9,"6":2,"7":6,"8":2,"9":12,"10":42,"11":12},"f":{"0":2,"1":9,"2":6,"3":12,"4":42,"5":12},"b":{"0":[2,0],"1":[1,1]},"meta":{"lastBranch":2,"lastFunction":6,"lastStatement":12,"seen":{"s:8:5:15:Infinity":0,"s:17:38:17:Infinity":1,"f:19:16:19:42":0,"s:20:8:20:Infinity":2,"b:20:22:20:32:20:32:20:34":0,"s:21:18:21:Infinity":3,"s:22:17:22:Infinity":4,"f:22:36:22:42":1,"s:22:55:22:80":5,"s:23:16:23:Infinity":6,"b:23:25:23:98:23:98:23:Infinity":1,"f:23:56:23:64":2,"s:23:73:23:93":7,"s:24:2:26:Infinity":8,"f:25:5:25:10":3,"s:25:19:25:80":9,"f:25:38:25:44":4,"s:25:57:25:79":10,"f:26:5:26:13":5,"s:26:75:26:92":11}}}
,"/app/src/data/references.ts": {"path":"/app/src/data/references.ts","statementMap":{"0":{"start":{"line":3,"column":45},"end":{"line":175,"column":null}}},"fnMap":{},"branchMap":{},"s":{"0":2},"f":{},"b":{},"meta":{"lastBranch":0,"lastFunction":0,"lastStatement":1,"seen":{"s:3:45:175:Infinity":0}}}
,"/app/src/data/services.ts": {"path":"/app/src/data/services.ts","statementMap":{"0":{"start":{"line":12,"column":35},"end":{"line":22,"column":null}},"1":{"start":{"line":24,"column":31},"end":{"line":26,"column":null}},"2":{"start":{"line":25,"column":28},"end":{"line":25,"column":57}}},"fnMap":{"0":{"name":"(anonymous_0)","decl":{"start":{"line":25,"column":11},"end":{"line":25,"column":16}},"loc":{"start":{"line":25,"column":28},"end":{"line":25,"column":57}},"line":25}},"branchMap":{},"s":{"0":2,"1":2,"2":18},"f":{"0":18},"b":{},"meta":{"lastBranch":0,"lastFunction":1,"lastStatement":3,"seen":{"s:12:35:22:Infinity":0,"s:24:31:26:Infinity":1,"f:25:11:25:16":0,"s:25:28:25:57":2}}}
,"/app/src/data/site.ts": {"path":"/app/src/data/site.ts","statementMap":{"0":{"start":{"line":1,"column":20},"end":{"line":19,"column":null}}},"fnMap":{},"branchMap":{},"s":{"0":3},"f":{},"b":{},"meta":{"lastBranch":0,"lastFunction":0,"lastStatement":1,"seen":{"s:1:20:19:Infinity":0}}}
,"/app/src/data/trustContent.ts": {"path":"/app/src/data/trustContent.ts","statementMap":{"0":{"start":{"line":5,"column":53},"end":{"line":5,"column":null}},"1":{"start":{"line":9,"column":49},"end":{"line":9,"column":null}}},"fnMap":{},"branchMap":{},"s":{"0":1,"1":1},"f":{},"b":{},"meta":{"lastBranch":0,"lastFunction":0,"lastStatement":2,"seen":{"s:5:53:5:Infinity":0,"s:9:49:9:Infinity":1}}}
,"/app/src/data/services/boden-reparatur-instandsetzung.ts": {"path":"/app/src/data/services/boden-reparatur-instandsetzung.ts","statementMap":{"0":{"start":{"line":3,"column":53},"end":{"line":65,"column":null}}},"fnMap":{},"branchMap":{},"s":{"0":2},"f":{},"b":{},"meta":{"lastBranch":0,"lastFunction":0,"lastStatement":1,"seen":{"s:3:53:65:Infinity":0}}}
,"/app/src/data/services/bodensanierung-laufender-betrieb.ts": {"path":"/app/src/data/services/bodensanierung-laufender-betrieb.ts","statementMap":{"0":{"start":{"line":3,"column":55},"end":{"line":64,"column":null}}},"fnMap":{},"branchMap":{},"s":{"0":2},"f":{},"b":{},"meta":{"lastBranch":0,"lastFunction":0,"lastStatement":1,"seen":{"s:3:55:64:Infinity":0}}}
,"/app/src/data/services/dehnungsfugen-rammschutz-industrieboden.ts": {"path":"/app/src/data/services/dehnungsfugen-rammschutz-industrieboden.ts","statementMap":{"0":{"start":{"line":3,"column":62},"end":{"line":58,"column":null}}},"fnMap":{},"branchMap":{},"s":{"0":2},"f":{},"b":{},"meta":{"lastBranch":0,"lastFunction":0,"lastStatement":1,"seen":{"s:3:62:58:Infinity":0}}}
,"/app/src/data/services/entwaesserung-industrieboden.ts": {"path":"/app/src/data/services/entwaesserung-industrieboden.ts","statementMap":{"0":{"start":{"line":3,"column":52},"end":{"line":66,"column":null}}},"fnMap":{},"branchMap":{},"s":{"0":2},"f":{},"b":{},"meta":{"lastBranch":0,"lastFunction":0,"lastStatement":1,"seen":{"s:3:52:66:Infinity":0}}}
,"/app/src/data/services/epoxidharz-bodenbeschichtung.ts": {"path":"/app/src/data/services/epoxidharz-bodenbeschichtung.ts","statementMap":{"0":{"start":{"line":3,"column":52},"end":{"line":58,"column":null}}},"fnMap":{},"branchMap":{},"s":{"0":2},"f":{},"b":{},"meta":{"lastBranch":0,"lastFunction":0,"lastStatement":1,"seen":{"s:3:52:58:Infinity":0}}}
,"/app/src/data/services/industrieboden-saeureschutz.ts": {"path":"/app/src/data/services/industrieboden-saeureschutz.ts","statementMap":{"0":{"start":{"line":3,"column":51},"end":{"line":62,"column":null}}},"fnMap":{},"branchMap":{},"s":{"0":2},"f":{},"b":{},"meta":{"lastBranch":0,"lastFunction":0,"lastStatement":1,"seen":{"s:3:51:62:Infinity":0}}}
,"/app/src/data/services/keramische-industrieboeden.ts": {"path":"/app/src/data/services/keramische-industrieboeden.ts","statementMap":{"0":{"start":{"line":3,"column":50},"end":{"line":68,"column":null}}},"fnMap":{},"branchMap":{},"s":{"0":2},"f":{},"b":{},"meta":{"lastBranch":0,"lastFunction":0,"lastStatement":1,"seen":{"s:3:50:68:Infinity":0}}}
,"/app/src/data/services/pu-beton-industrieboden.ts": {"path":"/app/src/data/services/pu-beton-industrieboden.ts","statementMap":{"0":{"start":{"line":3,"column":46},"end":{"line":63,"column":null}}},"fnMap":{},"branchMap":{},"s":{"0":2},"f":{},"b":{},"meta":{"lastBranch":0,"lastFunction":0,"lastStatement":1,"seen":{"s:3:46:63:Infinity":0}}}
,"/app/src/data/services/whg-abdichtung-industrieboden.ts": {"path":"/app/src/data/services/whg-abdichtung-industrieboden.ts","statementMap":{"0":{"start":{"line":3,"column":52},"end":{"line":58,"column":null}}},"fnMap":{},"branchMap":{},"s":{"0":2},"f":{},"b":{},"meta":{"lastBranch":0,"lastFunction":0,"lastStatement":1,"seen":{"s:3:52:58:Infinity":0}}}
,"/app/src/lib/analytics.ts": {"path":"/app/src/lib/analytics.ts","statementMap":{"0":{"start":{"line":1,"column":28},"end":{"line":1,"column":null}},"1":{"start":{"line":3,"column":34},"end":{"line":3,"column":null}},"2":{"start":{"line":13,"column":2},"end":{"line":18,"column":null}},"3":{"start":{"line":14,"column":16},"end":{"line":14,"column":null}},"4":{"start":{"line":15,"column":4},"end":{"line":15,"column":null}},"5":{"start":{"line":17,"column":4},"end":{"line":17,"column":null}},"6":{"start":{"line":26,"column":26},"end":{"line":26,"column":null}},"7":{"start":{"line":27,"column":20},"end":{"line":27,"column":null}},"8":{"start":{"line":28,"column":15},"end":{"line":28,"column":null}},"9":{"start":{"line":31,"column":4},"end":{"line":31,"column":null}},"10":{"start":{"line":31,"column":52},"end":{"line":31,"column":null}},"11":{"start":{"line":33,"column":4},"end":{"line":33,"column":null}},"12":{"start":{"line":34,"column":4},"end":{"line":36,"column":null}},"13":{"start":{"line":35,"column":6},"end":{"line":35,"column":null}},"14":{"start":{"line":37,"column":4},"end":{"line":37,"column":null}},"15":{"start":{"line":41,"column":4},"end":{"line":41,"column":null}},"16":{"start":{"line":41,"column":16},"end":{"line":41,"column":null}},"17":{"start":{"line":42,"column":4},"end":{"line":42,"column":null}},"18":{"start":{"line":44,"column":17},"end":{"line":44,"column":null}},"19":{"start":{"line":45,"column":4},"end":{"line":45,"column":null}},"20":{"start":{"line":46,"column":4},"end":{"line":46,"column":null}},"21":{"start":{"line":47,"column":4},"end":{"line":47,"column":null}},"22":{"start":{"line":49,"column":4},"end":{"line":55,"column":null}},"23":{"start":{"line":50,"column":21},"end":{"line":50,"column":null}},"24":{"start":{"line":51,"column":6},"end":{"line":51,"column":null}},"25":{"start":{"line":52,"column":6},"end":{"line":52,"column":null}},"26":{"start":{"line":53,"column":6},"end":{"line":53,"column":null}},"27":{"start":{"line":54,"column":6},"end":{"line":54,"column":null}},"28":{"start":{"line":59,"column":20},"end":{"line":59,"column":null}},"29":{"start":{"line":60,"column":4},"end":{"line":63,"column":null}},"30":{"start":{"line":61,"column":6},"end":{"line":61,"column":null}},"31":{"start":{"line":62,"column":6},"end":{"line":62,"column":null}},"32":{"start":{"line":65,"column":4},"end":{"line":65,"column":null}},"33":{"start":{"line":65,"column":16},"end":{"line":65,"column":null}},"34":{"start":{"line":68,"column":2},"end":{"line":75,"column":null}},"35":{"start":{"line":70,"column":6},"end":{"line":70,"column":null}},"36":{"start":{"line":70,"column":23},"end":{"line":70,"column":null}},"37":{"start":{"line":71,"column":6},"end":{"line":71,"column":null}},"38":{"start":{"line":72,"column":6},"end":{"line":72,"column":null}},"39":{"start":{"line":73,"column":6},"end":{"line":73,"column":null}},"40":{"start":{"line":73,"column":65},"end":{"line":73,"column":null}},"41":{"start":{"line":79,"column":2},"end":{"line":79,"column":null}},"42":{"start":{"line":79,"column":72},"end":{"line":79,"column":null}},"43":{"start":{"line":80,"column":2},"end":{"line":80,"column":null}}},"fnMap":{"0":{"name":"hasStoredAnalyticsConsent","decl":{"start":{"line":12,"column":9},"end":{"line":12,"column":35}},"loc":{"start":{"line":12,"column":62},"end":{"line":19,"column":null}},"line":12},"1":{"name":"createAnalyticsLoader","decl":{"start":{"line":21,"column":16},"end":{"line":21,"column":null}},"loc":{"start":{"line":25,"column":2},"end":{"line":76,"column":null}},"line":25},"2":{"name":"getGtag","decl":{"start":{"line":30,"column":11},"end":{"line":30,"column":27}},"loc":{"start":{"line":30,"column":27},"end":{"line":38,"column":null}},"line":30},"3":{"name":"(anonymous_3)","decl":{"start":{"line":34,"column":20},"end":{"line":34,"column":28}},"loc":{"start":{"line":34,"column":51},"end":{"line":36,"column":null}},"line":34},"4":{"name":"loadAfterConsent","decl":{"start":{"line":40,"column":11},"end":{"line":40,"column":30}},"loc":{"start":{"line":40,"column":30},"end":{"line":56,"column":null}},"line":40},"5":{"name":"updateConsent","decl":{"start":{"line":58,"column":11},"end":{"line":58,"column":25}},"loc":{"start":{"line":58,"column":39},"end":{"line":66,"column":null}},"line":58},"6":{"name":"initialize","decl":{"start":{"line":69,"column":4},"end":{"line":69,"column":17}},"loc":{"start":{"line":69,"column":17},"end":{"line":74,"column":null}},"line":69},"7":{"name":"initializeAnalytics","decl":{"start":{"line":78,"column":16},"end":{"line":78,"column":38}},"loc":{"start":{"line":78,"column":38},"end":{"line":81,"column":null}},"line":78}},"branchMap":{"0":{"loc":{"start":{"line":15,"column":11},"end":{"line":15,"column":null}},"type":"binary-expr","locations":[{"start":{"line":15,"column":11},"end":{"line":15,"column":28}},{"start":{"line":15,"column":28},"end":{"line":15,"column":null}}],"line":15},"1":{"loc":{"start":{"line":24,"column":2},"end":{"line":24,"column":null}},"type":"default-arg","locations":[{"start":{"line":24,"column":18},"end":{"line":24,"column":null}}],"line":24},"2":{"loc":{"start":{"line":31,"column":4},"end":{"line":31,"column":null}},"type":"if","locations":[{"start":{"line":31,"column":4},"end":{"line":31,"column":null}},{"start":{},"end":{}}],"line":31},"3":{"loc":{"start":{"line":33,"column":32},"end":{"line":33,"column":null}},"type":"binary-expr","locations":[{"start":{"line":33,"column":32},"end":{"line":33,"column":61}},{"start":{"line":33,"column":61},"end":{"line":33,"column":null}}],"line":33},"4":{"loc":{"start":{"line":41,"column":4},"end":{"line":41,"column":null}},"type":"if","locations":[{"start":{"line":41,"column":4},"end":{"line":41,"column":null}},{"start":{},"end":{}}],"line":41},"5":{"loc":{"start":{"line":49,"column":4},"end":{"line":55,"column":null}},"type":"if","locations":[{"start":{"line":49,"column":4},"end":{"line":55,"column":null}},{"start":{},"end":{}}],"line":49},"6":{"loc":{"start":{"line":60,"column":4},"end":{"line":63,"column":null}},"type":"if","locations":[{"start":{"line":60,"column":4},"end":{"line":63,"column":null}},{"start":{},"end":{}}],"line":60},"7":{"loc":{"start":{"line":65,"column":4},"end":{"line":65,"column":null}},"type":"if","locations":[{"start":{"line":65,"column":4},"end":{"line":65,"column":null}},{"start":{},"end":{}}],"line":65},"8":{"loc":{"start":{"line":70,"column":6},"end":{"line":70,"column":null}},"type":"if","locations":[{"start":{"line":70,"column":6},"end":{"line":70,"column":null}},{"start":{},"end":{}}],"line":70},"9":{"loc":{"start":{"line":73,"column":6},"end":{"line":73,"column":null}},"type":"if","locations":[{"start":{"line":73,"column":6},"end":{"line":73,"column":null}},{"start":{},"end":{}}],"line":73},"10":{"loc":{"start":{"line":79,"column":2},"end":{"line":79,"column":null}},"type":"if","locations":[{"start":{"line":79,"column":2},"end":{"line":79,"column":null}},{"start":{},"end":{}}],"line":79},"11":{"loc":{"start":{"line":79,"column":6},"end":{"line":79,"column":72}},"type":"binary-expr","locations":[{"start":{"line":79,"column":6},"end":{"line":79,"column":39}},{"start":{"line":79,"column":39},"end":{"line":79,"column":72}}],"line":79}},"s":{"0":2,"1":2,"2":3,"3":3,"4":3,"5":0,"6":3,"7":3,"8":3,"9":4,"10":3,"11":1,"12":4,"13":7,"14":4,"15":4,"16":1,"17":3,"18":3,"19":3,"20":3,"21":3,"22":3,"23":2,"24":2,"25":2,"26":2,"27":2,"28":6,"29":6,"30":3,"31":3,"32":3,"33":3,"34":3,"35":4,"36":1,"37":3,"38":3,"39":3,"40":1,"41":0,"42":0,"43":0},"f":{"0":3,"1":3,"2":4,"3":7,"4":4,"5":6,"6":4,"7":0},"b":{"0":[3,1],"1":[3],"2":[3,1],"3":[1,1],"4":[1,3],"5":[2,1],"6":[3,3],"7":[1,2],"8":[1,3],"9":[1,2],"10":[0,0],"11":[0,0]},"meta":{"lastBranch":12,"lastFunction":8,"lastStatement":44,"seen":{"s:1:28:1:Infinity":0,"s:3:34:3:Infinity":1,"f:12:9:12:35":0,"s:13:2:18:Infinity":2,"s:14:16:14:Infinity":3,"s:15:4:15:Infinity":4,"b:15:11:15:28:15:28:15:Infinity":0,"s:17:4:17:Infinity":5,"f:21:16:21:Infinity":1,"b:24:18:24:Infinity":1,"s:26:26:26:Infinity":6,"s:27:20:27:Infinity":7,"s:28:15:28:Infinity":8,"f:30:11:30:27":2,"b:31:4:31:Infinity:undefined:undefined:undefined:undefined":2,"s:31:4:31:Infinity":9,"s:31:52:31:Infinity":10,"s:33:4:33:Infinity":11,"b:33:32:33:61:33:61:33:Infinity":3,"s:34:4:36:Infinity":12,"f:34:20:34:28":3,"s:35:6:35:Infinity":13,"s:37:4:37:Infinity":14,"f:40:11:40:30":4,"b:41:4:41:Infinity:undefined:undefined:undefined:undefined":4,"s:41:4:41:Infinity":15,"s:41:16:41:Infinity":16,"s:42:4:42:Infinity":17,"s:44:17:44:Infinity":18,"s:45:4:45:Infinity":19,"s:46:4:46:Infinity":20,"s:47:4:47:Infinity":21,"b:49:4:55:Infinity:undefined:undefined:undefined:undefined":5,"s:49:4:55:Infinity":22,"s:50:21:50:Infinity":23,"s:51:6:51:Infinity":24,"s:52:6:52:Infinity":25,"s:53:6:53:Infinity":26,"s:54:6:54:Infinity":27,"f:58:11:58:25":5,"s:59:20:59:Infinity":28,"b:60:4:63:Infinity:undefined:undefined:undefined:undefined":6,"s:60:4:63:Infinity":29,"s:61:6:61:Infinity":30,"s:62:6:62:Infinity":31,"b:65:4:65:Infinity:undefined:undefined:undefined:undefined":7,"s:65:4:65:Infinity":32,"s:65:16:65:Infinity":33,"s:68:2:75:Infinity":34,"f:69:4:69:17":6,"b:70:6:70:Infinity:undefined:undefined:undefined:undefined":8,"s:70:6:70:Infinity":35,"s:70:23:70:Infinity":36,"s:71:6:71:Infinity":37,"s:72:6:72:Infinity":38,"b:73:6:73:Infinity:undefined:undefined:undefined:undefined":9,"s:73:6:73:Infinity":39,"s:73:65:73:Infinity":40,"f:78:16:78:38":7,"b:79:2:79:Infinity:undefined:undefined:undefined:undefined":10,"s:79:2:79:Infinity":41,"b:79:6:79:39:79:39:79:72":11,"s:79:72:79:Infinity":42,"s:80:2:80:Infinity":43}}}
,"/app/src/lib/attribution.ts": {"path":"/app/src/lib/attribution.ts","statementMap":{"0":{"start":{"line":6,"column":39},"end":{"line":6,"column":null}},"1":{"start":{"line":8,"column":16},"end":{"line":8,"column":null}},"2":{"start":{"line":9,"column":17},"end":{"line":9,"column":null}},"3":{"start":{"line":10,"column":17},"end":{"line":10,"column":null}},"4":{"start":{"line":33,"column":2},"end":{"line":33,"column":null}},"5":{"start":{"line":33,"column":33},"end":{"line":33,"column":null}},"6":{"start":{"line":36,"column":18},"end":{"line":41,"column":null}},"7":{"start":{"line":42,"column":2},"end":{"line":42,"column":null}},"8":{"start":{"line":47,"column":2},"end":{"line":47,"column":null}},"9":{"start":{"line":47,"column":33},"end":{"line":47,"column":null}},"10":{"start":{"line":49,"column":18},"end":{"line":49,"column":null}},"11":{"start":{"line":50,"column":2},"end":{"line":50,"column":null}},"12":{"start":{"line":55,"column":2},"end":{"line":55,"column":null}},"13":{"start":{"line":55,"column":33},"end":{"line":55,"column":null}},"14":{"start":{"line":56,"column":23},"end":{"line":56,"column":null}},"15":{"start":{"line":57,"column":18},"end":{"line":57,"column":null}},"16":{"start":{"line":58,"column":2},"end":{"line":58,"column":null}},"17":{"start":{"line":58,"column":44},"end":{"line":58,"column":null}},"18":{"start":{"line":59,"column":2},"end":{"line":59,"column":null}},"19":{"start":{"line":64,"column":2},"end":{"line":64,"column":null}},"20":{"start":{"line":64,"column":49},"end":{"line":64,"column":null}},"21":{"start":{"line":65,"column":2},"end":{"line":72,"column":null}},"22":{"start":{"line":66,"column":16},"end":{"line":66,"column":null}},"23":{"start":{"line":67,"column":4},"end":{"line":67,"column":null}},"24":{"start":{"line":67,"column":47},"end":{"line":67,"column":null}},"25":{"start":{"line":68,"column":4},"end":{"line":68,"column":null}},"26":{"start":{"line":68,"column":63},"end":{"line":68,"column":null}},"27":{"start":{"line":69,"column":4},"end":{"line":69,"column":null}},"28":{"start":{"line":71,"column":4},"end":{"line":71,"column":null}},"29":{"start":{"line":81,"column":17},"end":{"line":81,"column":null}},"30":{"start":{"line":82,"column":28},"end":{"line":82,"column":null}},"31":{"start":{"line":83,"column":2},"end":{"line":86,"column":null}},"32":{"start":{"line":84,"column":18},"end":{"line":84,"column":null}},"33":{"start":{"line":85,"column":4},"end":{"line":85,"column":null}},"34":{"start":{"line":85,"column":15},"end":{"line":85,"column":null}},"35":{"start":{"line":87,"column":19},"end":{"line":87,"column":null}},"36":{"start":{"line":88,"column":2},"end":{"line":88,"column":null}},"37":{"start":{"line":88,"column":16},"end":{"line":88,"column":null}},"38":{"start":{"line":89,"column":18},"end":{"line":89,"column":null}},"39":{"start":{"line":90,"column":2},"end":{"line":90,"column":null}},"40":{"start":{"line":90,"column":15},"end":{"line":90,"column":null}},"41":{"start":{"line":91,"column":2},"end":{"line":91,"column":null}},"42":{"start":{"line":95,"column":2},"end":{"line":95,"column":null}},"43":{"start":{"line":95,"column":32},"end":{"line":95,"column":50}},"44":{"start":{"line":100,"column":2},"end":{"line":100,"column":null}},"45":{"start":{"line":100,"column":47},"end":{"line":100,"column":null}},"46":{"start":{"line":101,"column":17},"end":{"line":101,"column":null}},"47":{"start":{"line":102,"column":28},"end":{"line":102,"column":null}},"48":{"start":{"line":103,"column":2},"end":{"line":106,"column":null}},"49":{"start":{"line":104,"column":18},"end":{"line":104,"column":null}},"50":{"start":{"line":105,"column":4},"end":{"line":105,"column":null}},"51":{"start":{"line":105,"column":15},"end":{"line":105,"column":null}},"52":{"start":{"line":107,"column":19},"end":{"line":107,"column":null}},"53":{"start":{"line":108,"column":2},"end":{"line":108,"column":null}},"54":{"start":{"line":108,"column":16},"end":{"line":108,"column":null}},"55":{"start":{"line":109,"column":18},"end":{"line":109,"column":null}},"56":{"start":{"line":110,"column":2},"end":{"line":110,"column":null}},"57":{"start":{"line":110,"column":15},"end":{"line":110,"column":null}},"58":{"start":{"line":111,"column":2},"end":{"line":111,"column":null}},"59":{"start":{"line":115,"column":2},"end":{"line":115,"column":null}},"60":{"start":{"line":115,"column":16},"end":{"line":115,"column":null}},"61":{"start":{"line":116,"column":2},"end":{"line":122,"column":null}},"62":{"start":{"line":117,"column":16},"end":{"line":117,"column":null}},"63":{"start":{"line":118,"column":4},"end":{"line":118,"column":null}},"64":{"start":{"line":118,"column":14},"end":{"line":118,"column":null}},"65":{"start":{"line":119,"column":4},"end":{"line":119,"column":null}},"66":{"start":{"line":121,"column":4},"end":{"line":121,"column":null}},"67":{"start":{"line":133,"column":17},"end":{"line":133,"column":null}},"68":{"start":{"line":134,"column":29},"end":{"line":134,"column":null}},"69":{"start":{"line":135,"column":20},"end":{"line":135,"column":null}},"70":{"start":{"line":136,"column":2},"end":{"line":143,"column":null}},"71":{"start":{"line":137,"column":4},"end":{"line":142,"column":null}},"72":{"start":{"line":138,"column":6},"end":{"line":138,"column":null}},"73":{"start":{"line":144,"column":2},"end":{"line":144,"column":null}},"74":{"start":{"line":148,"column":2},"end":{"line":148,"column":null}},"75":{"start":{"line":148,"column":25},"end":{"line":148,"column":null}},"76":{"start":{"line":149,"column":2},"end":{"line":149,"column":null}},"77":{"start":{"line":149,"column":21},"end":{"line":149,"column":null}},"78":{"start":{"line":150,"column":2},"end":{"line":150,"column":null}},"79":{"start":{"line":158,"column":41},"end":{"line":158,"column":null}},"80":{"start":{"line":159,"column":17},"end":{"line":159,"column":null}},"81":{"start":{"line":160,"column":2},"end":{"line":163,"column":null}},"82":{"start":{"line":161,"column":18},"end":{"line":161,"column":null}},"83":{"start":{"line":162,"column":4},"end":{"line":162,"column":null}},"84":{"start":{"line":162,"column":15},"end":{"line":162,"column":null}},"85":{"start":{"line":164,"column":2},"end":{"line":164,"column":null}},"86":{"start":{"line":164,"column":23},"end":{"line":164,"column":null}},"87":{"start":{"line":165,"column":2},"end":{"line":165,"column":null}},"88":{"start":{"line":165,"column":27},"end":{"line":165,"column":null}},"89":{"start":{"line":166,"column":15},"end":{"line":166,"column":null}},"90":{"start":{"line":167,"column":2},"end":{"line":167,"column":null}},"91":{"start":{"line":167,"column":12},"end":{"line":167,"column":null}},"92":{"start":{"line":168,"column":2},"end":{"line":168,"column":null}},"93":{"start":{"line":169,"column":2},"end":{"line":169,"column":null}}},"fnMap":{"0":{"name":"sanitizeUtmValue","decl":{"start":{"line":32,"column":16},"end":{"line":32,"column":33}},"loc":{"start":{"line":32,"column":69},"end":{"line":43,"column":null}},"line":32},"1":{"name":"sanitizePathValue","decl":{"start":{"line":46,"column":9},"end":{"line":46,"column":27}},"loc":{"start":{"line":46,"column":63},"end":{"line":51,"column":null}},"line":46},"2":{"name":"sanitizePagePath","decl":{"start":{"line":54,"column":16},"end":{"line":54,"column":33}},"loc":{"start":{"line":54,"column":69},"end":{"line":60,"column":null}},"line":54},"3":{"name":"sanitizeReferrerOrigin","decl":{"start":{"line":63,"column":16},"end":{"line":63,"column":39}},"loc":{"start":{"line":63,"column":94},"end":{"line":73,"column":null}},"line":63},"4":{"name":"captureAttribution","decl":{"start":{"line":75,"column":16},"end":{"line":75,"column":35}},"loc":{"start":{"line":80,"column":16},"end":{"line":92,"column":null}},"line":80},"5":{"name":"hasCampaign","decl":{"start":{"line":94,"column":9},"end":{"line":94,"column":21}},"loc":{"start":{"line":94,"column":49},"end":{"line":96,"column":null}},"line":94},"6":{"name":"(anonymous_6)","decl":{"start":{"line":95,"column":18},"end":{"line":95,"column":24}},"loc":{"start":{"line":95,"column":32},"end":{"line":95,"column":50}},"line":95},"7":{"name":"sanitizeStored","decl":{"start":{"line":99,"column":9},"end":{"line":99,"column":24}},"loc":{"start":{"line":99,"column":63},"end":{"line":112,"column":null}},"line":99},"8":{"name":"loadAttribution","decl":{"start":{"line":114,"column":16},"end":{"line":114,"column":32}},"loc":{"start":{"line":114,"column":90},"end":{"line":123,"column":null}},"line":114},"9":{"name":"updateSessionAttribution","decl":{"start":{"line":129,"column":16},"end":{"line":129,"column":null}},"loc":{"start":{"line":132,"column":15},"end":{"line":145,"column":null}},"line":132},"10":{"name":"resolveChannel","decl":{"start":{"line":147,"column":16},"end":{"line":147,"column":31}},"loc":{"start":{"line":147,"column":86},"end":{"line":151,"column":null}},"line":147},"11":{"name":"buildLeadAttributionFields","decl":{"start":{"line":154,"column":16},"end":{"line":154,"column":null}},"loc":{"start":{"line":157,"column":26},"end":{"line":170,"column":null}},"line":157}},"branchMap":{"0":{"loc":{"start":{"line":33,"column":2},"end":{"line":33,"column":null}},"type":"if","locations":[{"start":{"line":33,"column":2},"end":{"line":33,"column":null}},{"start":{},"end":{}}],"line":33},"1":{"loc":{"start":{"line":42,"column":9},"end":{"line":42,"column":null}},"type":"cond-expr","locations":[{"start":{"line":42,"column":30},"end":{"line":42,"column":40}},{"start":{"line":42,"column":40},"end":{"line":42,"column":null}}],"line":42},"2":{"loc":{"start":{"line":47,"column":2},"end":{"line":47,"column":null}},"type":"if","locations":[{"start":{"line":47,"column":2},"end":{"line":47,"column":null}},{"start":{},"end":{}}],"line":47},"3":{"loc":{"start":{"line":50,"column":9},"end":{"line":50,"column":null}},"type":"cond-expr","locations":[{"start":{"line":50,"column":30},"end":{"line":50,"column":40}},{"start":{"line":50,"column":40},"end":{"line":50,"column":null}}],"line":50},"4":{"loc":{"start":{"line":55,"column":2},"end":{"line":55,"column":null}},"type":"if","locations":[{"start":{"line":55,"column":2},"end":{"line":55,"column":null}},{"start":{},"end":{}}],"line":55},"5":{"loc":{"start":{"line":58,"column":2},"end":{"line":58,"column":null}},"type":"if","locations":[{"start":{"line":58,"column":2},"end":{"line":58,"column":null}},{"start":{},"end":{}}],"line":58},"6":{"loc":{"start":{"line":58,"column":6},"end":{"line":58,"column":44}},"type":"binary-expr","locations":[{"start":{"line":58,"column":6},"end":{"line":58,"column":18}},{"start":{"line":58,"column":18},"end":{"line":58,"column":44}}],"line":58},"7":{"loc":{"start":{"line":63,"column":58},"end":{"line":63,"column":94}},"type":"default-arg","locations":[{"start":{"line":63,"column":70},"end":{"line":63,"column":94}}],"line":63},"8":{"loc":{"start":{"line":64,"column":2},"end":{"line":64,"column":null}},"type":"if","locations":[{"start":{"line":64,"column":2},"end":{"line":64,"column":null}},{"start":{},"end":{}}],"line":64},"9":{"loc":{"start":{"line":64,"column":6},"end":{"line":64,"column":49}},"type":"binary-expr","locations":[{"start":{"line":64,"column":6},"end":{"line":64,"column":38}},{"start":{"line":64,"column":38},"end":{"line":64,"column":49}}],"line":64},"10":{"loc":{"start":{"line":67,"column":4},"end":{"line":67,"column":null}},"type":"if","locations":[{"start":{"line":67,"column":4},"end":{"line":67,"column":null}},{"start":{},"end":{}}],"line":67},"11":{"loc":{"start":{"line":67,"column":8},"end":{"line":67,"column":47}},"type":"binary-expr","locations":[{"start":{"line":67,"column":8},"end":{"line":67,"column":21}},{"start":{"line":67,"column":21},"end":{"line":67,"column":47}}],"line":67},"12":{"loc":{"start":{"line":68,"column":4},"end":{"line":68,"column":null}},"type":"if","locations":[{"start":{"line":68,"column":4},"end":{"line":68,"column":null}},{"start":{},"end":{}}],"line":68},"13":{"loc":{"start":{"line":68,"column":8},"end":{"line":68,"column":63}},"type":"binary-expr","locations":[{"start":{"line":68,"column":8},"end":{"line":68,"column":37}},{"start":{"line":68,"column":37},"end":{"line":68,"column":63}}],"line":68},"14":{"loc":{"start":{"line":85,"column":4},"end":{"line":85,"column":null}},"type":"if","locations":[{"start":{"line":85,"column":4},"end":{"line":85,"column":null}},{"start":{},"end":{}}],"line":85},"15":{"loc":{"start":{"line":88,"column":2},"end":{"line":88,"column":null}},"type":"if","locations":[{"start":{"line":88,"column":2},"end":{"line":88,"column":null}},{"start":{},"end":{}}],"line":88},"16":{"loc":{"start":{"line":90,"column":2},"end":{"line":90,"column":null}},"type":"if","locations":[{"start":{"line":90,"column":2},"end":{"line":90,"column":null}},{"start":{},"end":{}}],"line":90},"17":{"loc":{"start":{"line":100,"column":2},"end":{"line":100,"column":null}},"type":"if","locations":[{"start":{"line":100,"column":2},"end":{"line":100,"column":null}},{"start":{},"end":{}}],"line":100},"18":{"loc":{"start":{"line":100,"column":6},"end":{"line":100,"column":47}},"type":"binary-expr","locations":[{"start":{"line":100,"column":6},"end":{"line":100,"column":33}},{"start":{"line":100,"column":33},"end":{"line":100,"column":47}}],"line":100},"19":{"loc":{"start":{"line":105,"column":4},"end":{"line":105,"column":null}},"type":"if","locations":[{"start":{"line":105,"column":4},"end":{"line":105,"column":null}},{"start":{},"end":{}}],"line":105},"20":{"loc":{"start":{"line":108,"column":2},"end":{"line":108,"column":null}},"type":"if","locations":[{"start":{"line":108,"column":2},"end":{"line":108,"column":null}},{"start":{},"end":{}}],"line":108},"21":{"loc":{"start":{"line":110,"column":2},"end":{"line":110,"column":null}},"type":"if","locations":[{"start":{"line":110,"column":2},"end":{"line":110,"column":null}},{"start":{},"end":{}}],"line":110},"22":{"loc":{"start":{"line":115,"column":2},"end":{"line":115,"column":null}},"type":"if","locations":[{"start":{"line":115,"column":2},"end":{"line":115,"column":null}},{"start":{},"end":{}}],"line":115},"23":{"loc":{"start":{"line":118,"column":4},"end":{"line":118,"column":null}},"type":"if","locations":[{"start":{"line":118,"column":4},"end":{"line":118,"column":null}},{"start":{},"end":{}}],"line":118},"24":{"loc":{"start":{"line":134,"column":29},"end":{"line":134,"column":null}},"type":"binary-expr","locations":[{"start":{"line":134,"column":29},"end":{"line":134,"column":53}},{"start":{"line":134,"column":53},"end":{"line":134,"column":null}}],"line":134},"25":{"loc":{"start":{"line":135,"column":20},"end":{"line":135,"column":null}},"type":"cond-expr","locations":[{"start":{"line":135,"column":41},"end":{"line":135,"column":51}},{"start":{"line":135,"column":51},"end":{"line":135,"column":null}}],"line":135},"26":{"loc":{"start":{"line":136,"column":2},"end":{"line":143,"column":null}},"type":"if","locations":[{"start":{"line":136,"column":2},"end":{"line":143,"column":null}},{"start":{},"end":{}}],"line":136},"27":{"loc":{"start":{"line":136,"column":6},"end":{"line":136,"column":37}},"type":"binary-expr","locations":[{"start":{"line":136,"column":6},"end":{"line":136,"column":17}},{"start":{"line":136,"column":17},"end":{"line":136,"column":37}}],"line":136},"28":{"loc":{"start":{"line":148,"column":2},"end":{"line":148,"column":null}},"type":"if","locations":[{"start":{"line":148,"column":2},"end":{"line":148,"column":null}},{"start":{},"end":{}}],"line":148},"29":{"loc":{"start":{"line":149,"column":2},"end":{"line":149,"column":null}},"type":"if","locations":[{"start":{"line":149,"column":2},"end":{"line":149,"column":null}},{"start":{},"end":{}}],"line":149},"30":{"loc":{"start":{"line":159,"column":17},"end":{"line":159,"column":null}},"type":"binary-expr","locations":[{"start":{"line":159,"column":17},"end":{"line":159,"column":25}},{"start":{"line":159,"column":25},"end":{"line":159,"column":null}}],"line":159},"31":{"loc":{"start":{"line":162,"column":4},"end":{"line":162,"column":null}},"type":"if","locations":[{"start":{"line":162,"column":4},"end":{"line":162,"column":null}},{"start":{},"end":{}}],"line":162},"32":{"loc":{"start":{"line":164,"column":2},"end":{"line":164,"column":null}},"type":"if","locations":[{"start":{"line":164,"column":2},"end":{"line":164,"column":null}},{"start":{},"end":{}}],"line":164},"33":{"loc":{"start":{"line":165,"column":2},"end":{"line":165,"column":null}},"type":"if","locations":[{"start":{"line":165,"column":2},"end":{"line":165,"column":null}},{"start":{},"end":{}}],"line":165},"34":{"loc":{"start":{"line":167,"column":2},"end":{"line":167,"column":null}},"type":"if","locations":[{"start":{"line":167,"column":2},"end":{"line":167,"column":null}},{"start":{},"end":{}}],"line":167}},"s":{"0":3,"1":3,"2":3,"3":3,"4":350,"5":307,"6":43,"7":43,"8":35,"9":4,"10":31,"11":31,"12":125,"13":101,"14":24,"15":24,"16":24,"17":4,"18":20,"19":64,"20":53,"21":11,"22":11,"23":11,"24":3,"25":6,"26":1,"27":5,"28":2,"29":11,"30":11,"31":11,"32":55,"33":55,"34":16,"35":11,"36":11,"37":3,"38":11,"39":11,"40":10,"41":11,"42":20,"43":49,"44":6,"45":0,"46":6,"47":6,"48":6,"49":30,"50":30,"51":11,"52":6,"53":6,"54":2,"55":6,"56":6,"57":5,"58":6,"59":14,"60":2,"61":12,"62":12,"63":12,"64":2,"65":7,"66":4,"67":7,"68":7,"69":7,"70":7,"71":5,"72":5,"73":7,"74":13,"75":8,"76":5,"77":1,"78":4,"79":2,"80":2,"81":2,"82":10,"83":10,"84":3,"85":2,"86":1,"87":2,"88":1,"89":2,"90":2,"91":2,"92":2,"93":2},"f":{"0":350,"1":35,"2":125,"3":64,"4":11,"5":20,"6":49,"7":6,"8":14,"9":7,"10":13,"11":2},"b":{"0":[307,43],"1":[43,0],"2":[4,31],"3":[31,0],"4":[101,24],"5":[4,20],"6":[24,24],"7":[64],"8":[53,11],"9":[64,16],"10":[3,8],"11":[11,9],"12":[1,5],"13":[6,1],"14":[16,39],"15":[3,8],"16":[10,1],"17":[0,6],"18":[6,6],"19":[11,19],"20":[2,4],"21":[5,1],"22":[2,12],"23":[2,10],"24":[7,1],"25":[6,1],"26":[5,2],"27":[7,6],"28":[8,5],"29":[1,4],"30":[2,1],"31":[3,7],"32":[1,1],"33":[1,1],"34":[2,0]},"meta":{"lastBranch":35,"lastFunction":12,"lastStatement":94,"seen":{"s:6:39:6:Infinity":0,"s:8:16:8:Infinity":1,"s:9:17:9:Infinity":2,"s:10:17:10:Infinity":3,"f:32:16:32:33":0,"b:33:2:33:Infinity:undefined:undefined:undefined:undefined":0,"s:33:2:33:Infinity":4,"s:33:33:33:Infinity":5,"s:36:18:41:Infinity":6,"s:42:2:42:Infinity":7,"b:42:30:42:40:42:40:42:Infinity":1,"f:46:9:46:27":1,"b:47:2:47:Infinity:undefined:undefined:undefined:undefined":2,"s:47:2:47:Infinity":8,"s:47:33:47:Infinity":9,"s:49:18:49:Infinity":10,"s:50:2:50:Infinity":11,"b:50:30:50:40:50:40:50:Infinity":3,"f:54:16:54:33":2,"b:55:2:55:Infinity:undefined:undefined:undefined:undefined":4,"s:55:2:55:Infinity":12,"s:55:33:55:Infinity":13,"s:56:23:56:Infinity":14,"s:57:18:57:Infinity":15,"b:58:2:58:Infinity:undefined:undefined:undefined:undefined":5,"s:58:2:58:Infinity":16,"b:58:6:58:18:58:18:58:44":6,"s:58:44:58:Infinity":17,"s:59:2:59:Infinity":18,"f:63:16:63:39":3,"b:63:70:63:94":7,"b:64:2:64:Infinity:undefined:undefined:undefined:undefined":8,"s:64:2:64:Infinity":19,"b:64:6:64:38:64:38:64:49":9,"s:64:49:64:Infinity":20,"s:65:2:72:Infinity":21,"s:66:16:66:Infinity":22,"b:67:4:67:Infinity:undefined:undefined:undefined:undefined":10,"s:67:4:67:Infinity":23,"b:67:8:67:21:67:21:67:47":11,"s:67:47:67:Infinity":24,"b:68:4:68:Infinity:undefined:undefined:undefined:undefined":12,"s:68:4:68:Infinity":25,"b:68:8:68:37:68:37:68:63":13,"s:68:63:68:Infinity":26,"s:69:4:69:Infinity":27,"s:71:4:71:Infinity":28,"f:75:16:75:35":4,"s:81:17:81:Infinity":29,"s:82:28:82:Infinity":30,"s:83:2:86:Infinity":31,"s:84:18:84:Infinity":32,"b:85:4:85:Infinity:undefined:undefined:undefined:undefined":14,"s:85:4:85:Infinity":33,"s:85:15:85:Infinity":34,"s:87:19:87:Infinity":35,"b:88:2:88:Infinity:undefined:undefined:undefined:undefined":15,"s:88:2:88:Infinity":36,"s:88:16:88:Infinity":37,"s:89:18:89:Infinity":38,"b:90:2:90:Infinity:undefined:undefined:undefined:undefined":16,"s:90:2:90:Infinity":39,"s:90:15:90:Infinity":40,"s:91:2:91:Infinity":41,"f:94:9:94:21":5,"s:95:2:95:Infinity":42,"f:95:18:95:24":6,"s:95:32:95:50":43,"f:99:9:99:24":7,"b:100:2:100:Infinity:undefined:undefined:undefined:undefined":17,"s:100:2:100:Infinity":44,"b:100:6:100:33:100:33:100:47":18,"s:100:47:100:Infinity":45,"s:101:17:101:Infinity":46,"s:102:28:102:Infinity":47,"s:103:2:106:Infinity":48,"s:104:18:104:Infinity":49,"b:105:4:105:Infinity:undefined:undefined:undefined:undefined":19,"s:105:4:105:Infinity":50,"s:105:15:105:Infinity":51,"s:107:19:107:Infinity":52,"b:108:2:108:Infinity:undefined:undefined:undefined:undefined":20,"s:108:2:108:Infinity":53,"s:108:16:108:Infinity":54,"s:109:18:109:Infinity":55,"b:110:2:110:Infinity:undefined:undefined:undefined:undefined":21,"s:110:2:110:Infinity":56,"s:110:15:110:Infinity":57,"s:111:2:111:Infinity":58,"f:114:16:114:32":8,"b:115:2:115:Infinity:undefined:undefined:undefined:undefined":22,"s:115:2:115:Infinity":59,"s:115:16:115:Infinity":60,"s:116:2:122:Infinity":61,"s:117:16:117:Infinity":62,"b:118:4:118:Infinity:undefined:undefined:undefined:undefined":23,"s:118:4:118:Infinity":63,"s:118:14:118:Infinity":64,"s:119:4:119:Infinity":65,"s:121:4:121:Infinity":66,"f:129:16:129:Infinity":9,"s:133:17:133:Infinity":67,"s:134:29:134:Infinity":68,"b:134:29:134:53:134:53:134:Infinity":24,"s:135:20:135:Infinity":69,"b:135:41:135:51:135:51:135:Infinity":25,"b:136:2:143:Infinity:undefined:undefined:undefined:undefined":26,"s:136:2:143:Infinity":70,"b:136:6:136:17:136:17:136:37":27,"s:137:4:142:Infinity":71,"s:138:6:138:Infinity":72,"s:144:2:144:Infinity":73,"f:147:16:147:31":10,"b:148:2:148:Infinity:undefined:undefined:undefined:undefined":28,"s:148:2:148:Infinity":74,"s:148:25:148:Infinity":75,"b:149:2:149:Infinity:undefined:undefined:undefined:undefined":29,"s:149:2:149:Infinity":76,"s:149:21:149:Infinity":77,"s:150:2:150:Infinity":78,"f:154:16:154:Infinity":11,"s:158:41:158:Infinity":79,"s:159:17:159:Infinity":80,"b:159:17:159:25:159:25:159:Infinity":30,"s:160:2:163:Infinity":81,"s:161:18:161:Infinity":82,"b:162:4:162:Infinity:undefined:undefined:undefined:undefined":31,"s:162:4:162:Infinity":83,"s:162:15:162:Infinity":84,"b:164:2:164:Infinity:undefined:undefined:undefined:undefined":32,"s:164:2:164:Infinity":85,"s:164:23:164:Infinity":86,"b:165:2:165:Infinity:undefined:undefined:undefined:undefined":33,"s:165:2:165:Infinity":87,"s:165:27:165:Infinity":88,"s:166:15:166:Infinity":89,"b:167:2:167:Infinity:undefined:undefined:undefined:undefined":34,"s:167:2:167:Infinity":90,"s:167:12:167:Infinity":91,"s:168:2:168:Infinity":92,"s:169:2:169:Infinity":93}}}
,"/app/src/lib/content.ts": {"path":"/app/src/lib/content.ts","statementMap":{"0":{"start":{"line":15,"column":27},"end":{"line":15,"column":null}},"1":{"start":{"line":16,"column":2},"end":{"line":20,"column":null}},"2":{"start":{"line":17,"column":19},"end":{"line":17,"column":null}},"3":{"start":{"line":18,"column":4},"end":{"line":19,"column":null}},"4":{"start":{"line":19,"column":6},"end":{"line":19,"column":null}},"5":{"start":{"line":21,"column":2},"end":{"line":25,"column":null}},"6":{"start":{"line":22,"column":19},"end":{"line":22,"column":null}},"7":{"start":{"line":23,"column":4},"end":{"line":24,"column":null}},"8":{"start":{"line":24,"column":6},"end":{"line":24,"column":null}},"9":{"start":{"line":26,"column":2},"end":{"line":30,"column":null}},"10":{"start":{"line":27,"column":19},"end":{"line":27,"column":null}},"11":{"start":{"line":28,"column":4},"end":{"line":29,"column":null}},"12":{"start":{"line":29,"column":6},"end":{"line":29,"column":null}},"13":{"start":{"line":31,"column":2},"end":{"line":35,"column":null}},"14":{"start":{"line":32,"column":19},"end":{"line":32,"column":null}},"15":{"start":{"line":33,"column":4},"end":{"line":34,"column":null}},"16":{"start":{"line":34,"column":6},"end":{"line":34,"column":null}},"17":{"start":{"line":37,"column":2},"end":{"line":37,"column":null}},"18":{"start":{"line":41,"column":2},"end":{"line":41,"column":null}},"19":{"start":{"line":45,"column":2},"end":{"line":45,"column":null}},"20":{"start":{"line":49,"column":2},"end":{"line":49,"column":null}},"21":{"start":{"line":52,"column":20},"end":{"line":54,"column":null}},"22":{"start":{"line":53,"column":22},"end":{"line":53,"column":55}},"23":{"start":{"line":57,"column":2},"end":{"line":57,"column":null}},"24":{"start":{"line":61,"column":2},"end":{"line":80,"column":null}},"25":{"start":{"line":63,"column":37},"end":{"line":63,"column":null}},"26":{"start":{"line":64,"column":6},"end":{"line":64,"column":null}},"27":{"start":{"line":67,"column":23},"end":{"line":67,"column":null}},"28":{"start":{"line":68,"column":26},"end":{"line":68,"column":null}},"29":{"start":{"line":69,"column":35},"end":{"line":69,"column":null}},"30":{"start":{"line":71,"column":6},"end":{"line":79,"column":null}},"31":{"start":{"line":84,"column":18},"end":{"line":84,"column":null}},"32":{"start":{"line":85,"column":2},"end":{"line":85,"column":null}},"33":{"start":{"line":85,"column":53},"end":{"line":85,"column":78}},"34":{"start":{"line":89,"column":2},"end":{"line":180,"column":null}},"35":{"start":{"line":156,"column":34},"end":{"line":161,"column":6}},"36":{"start":{"line":162,"column":37},"end":{"line":167,"column":6}},"37":{"start":{"line":168,"column":34},"end":{"line":173,"column":6}},"38":{"start":{"line":174,"column":57},"end":{"line":179,"column":6}}},"fnMap":{"0":{"name":"validateSiteContent","decl":{"start":{"line":14,"column":16},"end":{"line":14,"column":38}},"loc":{"start":{"line":14,"column":38},"end":{"line":38,"column":null}},"line":14},"1":{"name":"getServices","decl":{"start":{"line":40,"column":16},"end":{"line":40,"column":30}},"loc":{"start":{"line":40,"column":30},"end":{"line":42,"column":null}},"line":40},"2":{"name":"getIndustries","decl":{"start":{"line":44,"column":16},"end":{"line":44,"column":32}},"loc":{"start":{"line":44,"column":32},"end":{"line":46,"column":null}},"line":44},"3":{"name":"getArticles","decl":{"start":{"line":48,"column":16},"end":{"line":48,"column":30}},"loc":{"start":{"line":48,"column":30},"end":{"line":50,"column":null}},"line":48},"4":{"name":"(anonymous_4)","decl":{"start":{"line":53,"column":11},"end":{"line":53,"column":16}},"loc":{"start":{"line":53,"column":22},"end":{"line":53,"column":55}},"line":53},"5":{"name":"getServiceBySlug","decl":{"start":{"line":56,"column":16},"end":{"line":56,"column":33}},"loc":{"start":{"line":56,"column":47},"end":{"line":58,"column":null}},"line":56},"6":{"name":"getPublicReferences","decl":{"start":{"line":60,"column":16},"end":{"line":60,"column":38}},"loc":{"start":{"line":60,"column":38},"end":{"line":81,"column":null}},"line":60},"7":{"name":"(anonymous_7)","decl":{"start":{"line":62,"column":5},"end":{"line":62,"column":13}},"loc":{"start":{"line":62,"column":27},"end":{"line":65,"column":5}},"line":62},"8":{"name":"(anonymous_8)","decl":{"start":{"line":66,"column":5},"end":{"line":66,"column":10}},"loc":{"start":{"line":66,"column":24},"end":{"line":80,"column":5}},"line":66},"9":{"name":"getReferencesForSlugs","decl":{"start":{"line":83,"column":16},"end":{"line":83,"column":38}},"loc":{"start":{"line":83,"column":62},"end":{"line":86,"column":null}},"line":83},"10":{"name":"(anonymous_10)","decl":{"start":{"line":85,"column":31},"end":{"line":85,"column":39}},"loc":{"start":{"line":85,"column":53},"end":{"line":85,"column":78}},"line":85},"11":{"name":"getAllPublicPages","decl":{"start":{"line":88,"column":16},"end":{"line":88,"column":36}},"loc":{"start":{"line":88,"column":36},"end":{"line":181,"column":null}},"line":88},"12":{"name":"(anonymous_12)","decl":{"start":{"line":156,"column":16},"end":{"line":156,"column":21}},"loc":{"start":{"line":156,"column":34},"end":{"line":161,"column":6}},"line":156},"13":{"name":"(anonymous_13)","decl":{"start":{"line":162,"column":18},"end":{"line":162,"column":23}},"loc":{"start":{"line":162,"column":37},"end":{"line":167,"column":6}},"line":162},"14":{"name":"(anonymous_14)","decl":{"start":{"line":168,"column":16},"end":{"line":168,"column":21}},"loc":{"start":{"line":168,"column":34},"end":{"line":173,"column":6}},"line":168},"15":{"name":"(anonymous_15)","decl":{"start":{"line":174,"column":31},"end":{"line":174,"column":36}},"loc":{"start":{"line":174,"column":57},"end":{"line":179,"column":6}},"line":174}},"branchMap":{"0":{"loc":{"start":{"line":18,"column":4},"end":{"line":19,"column":null}},"type":"if","locations":[{"start":{"line":18,"column":4},"end":{"line":19,"column":null}},{"start":{},"end":{}}],"line":18},"1":{"loc":{"start":{"line":23,"column":4},"end":{"line":24,"column":null}},"type":"if","locations":[{"start":{"line":23,"column":4},"end":{"line":24,"column":null}},{"start":{},"end":{}}],"line":23},"2":{"loc":{"start":{"line":28,"column":4},"end":{"line":29,"column":null}},"type":"if","locations":[{"start":{"line":28,"column":4},"end":{"line":29,"column":null}},{"start":{},"end":{}}],"line":28},"3":{"loc":{"start":{"line":33,"column":4},"end":{"line":34,"column":null}},"type":"if","locations":[{"start":{"line":33,"column":4},"end":{"line":34,"column":null}},{"start":{},"end":{}}],"line":33},"4":{"loc":{"start":{"line":68,"column":26},"end":{"line":68,"column":null}},"type":"binary-expr","locations":[{"start":{"line":68,"column":26},"end":{"line":68,"column":38}},{"start":{"line":68,"column":38},"end":{"line":68,"column":null}}],"line":68},"5":{"loc":{"start":{"line":69,"column":35},"end":{"line":69,"column":null}},"type":"binary-expr","locations":[{"start":{"line":69,"column":35},"end":{"line":69,"column":47}},{"start":{"line":69,"column":47},"end":{"line":69,"column":null}}],"line":69},"6":{"loc":{"start":{"line":73,"column":21},"end":{"line":73,"column":null}},"type":"cond-expr","locations":[{"start":{"line":73,"column":32},"end":{"line":73,"column":55}},{"start":{"line":73,"column":55},"end":{"line":73,"column":null}}],"line":73},"7":{"loc":{"start":{"line":74,"column":25},"end":{"line":76,"column":null}},"type":"cond-expr","locations":[{"start":{"line":75,"column":12},"end":{"line":75,"column":null}},{"start":{"line":76,"column":12},"end":{"line":76,"column":null}}],"line":74},"8":{"loc":{"start":{"line":78,"column":14},"end":{"line":78,"column":null}},"type":"cond-expr","locations":[{"start":{"line":78,"column":28},"end":{"line":78,"column":45}},{"start":{"line":78,"column":45},"end":{"line":78,"column":null}}],"line":78}},"s":{"0":1,"1":1,"2":9,"3":9,"4":0,"5":1,"6":6,"7":6,"8":0,"9":1,"10":6,"11":6,"12":0,"13":1,"14":5,"15":5,"16":0,"17":1,"18":0,"19":0,"20":0,"21":2,"22":18,"23":0,"24":5,"25":30,"26":30,"27":30,"28":30,"29":30,"30":30,"31":2,"32":2,"33":12,"34":2,"35":18,"36":12,"37":10,"38":10},"f":{"0":1,"1":0,"2":0,"3":0,"4":18,"5":0,"6":5,"7":30,"8":30,"9":2,"10":12,"11":2,"12":18,"13":12,"14":10,"15":10},"b":{"0":[0,9],"1":[0,6],"2":[0,6],"3":[0,5],"4":[30,25],"5":[30,25],"6":[25,5],"7":
[...]
end":{"line":39,"column":53}},{"start":{"line":39,"column":53},"end":{"line":39,"column":null}}],"line":39},"4":{"loc":{"start":{"line":40,"column":24},"end":{"line":40,"column":null}},"type":"binary-expr","locations":[{"start":{"line":40,"column":24},"end":{"line":40,"column":53}},{"start":{"line":40,"column":53},"end":{"line":40,"column":null}}],"line":40},"5":{"loc":{"start":{"line":45,"column":2},"end":{"line":45,"column":null}},"type":"if","locations":[{"start":{"line":45,"column":2},"end":{"line":45,"column":null}},{"start":{},"end":{}}],"line":45},"6":{"loc":{"start":{"line":48,"column":11},"end":{"line":48,"column":null}},"type":"binary-expr","locations":[{"start":{"line":48,"column":11},"end":{"line":48,"column":28}},{"start":{"line":48,"column":28},"end":{"line":48,"column":null}}],"line":48},"7":{"loc":{"start":{"line":65,"column":2},"end":{"line":68,"column":null}},"type":"if","locations":[{"start":{"line":65,"column":2},"end":{"line":68,"column":null}},{"start":{},"end":{}}],"line":65},"8":{"loc":{"start":{"line":72,"column":2},"end":{"line":75,"column":null}},"type":"if","locations":[{"start":{"line":72,"column":2},"end":{"line":75,"column":null}},{"start":{},"end":{}}],"line":72},"9":{"loc":{"start":{"line":82,"column":20},"end":{"line":82,"column":null}},"type":"cond-expr","locations":[{"start":{"line":82,"column":39},"end":{"line":82,"column":57}},{"start":{"line":82,"column":57},"end":{"line":82,"column":null}}],"line":82},"10":{"loc":{"start":{"line":85,"column":8},"end":{"line":85,"column":null}},"type":"cond-expr","locations":[{"start":{"line":85,"column":27},"end":{"line":85,"column":56}},{"start":{"line":85,"column":56},"end":{"line":85,"column":null}}],"line":85},"11":{"loc":{"start":{"line":90,"column":4},"end":{"line":98,"column":null}},"type":"if","locations":[{"start":{"line":90,"column":4},"end":{"line":98,"column":null}},{"start":{},"end":{}}],"line":90},"12":{"loc":{"start":{"line":93,"column":12},"end":{"line":95,"column":null}},"type":"cond-expr","locations":[{"start":{"line":94,"column":12},"end":{"line":94,"column":null}},{"start":{"line":95,"column":12},"end":{"line":95,"column":null}}],"line":93},"13":{"loc":{"start":{"line":99,"column":4},"end":{"line":103,"column":null}},"type":"if","locations":[{"start":{"line":99,"column":4},"end":{"line":103,"column":null}},{"start":{},"end":{}}],"line":99},"14":{"loc":{"start":{"line":112,"column":49},"end":{"line":112,"column":81}},"type":"default-arg","locations":[{"start":{"line":112,"column":77},"end":{"line":112,"column":81}}],"line":112},"15":{"loc":{"start":{"line":117,"column":56},"end":{"line":117,"column":103}},"type":"default-arg","locations":[{"start":{"line":117,"column":84},"end":{"line":117,"column":103}}],"line":117},"16":{"loc":{"start":{"line":118,"column":2},"end":{"line":118,"column":null}},"type":"if","locations":[{"start":{"line":118,"column":2},"end":{"line":118,"column":null}},{"start":{},"end":{}}],"line":118},"17":{"loc":{"start":{"line":124,"column":6},"end":{"line":124,"column":null}},"type":"if","locations":[{"start":{"line":124,"column":6},"end":{"line":124,"column":null}},{"start":{},"end":{}}],"line":124},"18":{"loc":{"start":{"line":126,"column":6},"end":{"line":126,"column":null}},"type":"if","locations":[{"start":{"line":126,"column":6},"end":{"line":126,"column":null}},{"start":{},"end":{}}],"line":126},"19":{"loc":{"start":{"line":131,"column":4},"end":{"line":131,"column":null}},"type":"if","locations":[{"start":{"line":131,"column":4},"end":{"line":131,"column":null}},{"start":{},"end":{}}],"line":131},"20":{"loc":{"start":{"line":131,"column":8},"end":{"line":131,"column":29}},"type":"binary-expr","locations":[{"start":{"line":131,"column":8},"end":{"line":131,"column":19}},{"start":{"line":131,"column":19},"end":{"line":131,"column":29}}],"line":131}},"s":{"0":1,"1":1,"2":1,"3":1,"4":1,"5":1,"6":1,"7":1,"8":1,"9":1,"10":1,"11":1,"12":1,"13":1,"14":1,"15":1,"16":14,"17":14,"18":1,"19":2,"20":0,"21":1,"22":0,"23":0,"24":12,"25":12,"26":0,"27":0,"28":0,"29":0,"30":12,"31":5,"32":12,"33":0,"34":0,"35":12,"36":12,"37":12,"38":1,"39":1,"40":11,"41":11,"42":11,"43":12,"44":12,"45":12,"46":6,"47":6,"48":5,"49":3,"50":3,"51":3,"52":3,"53":12,"54":10,"55":2,"56":0,"57":2,"58":2,"59":2,"60":2,"61":0,"62":2,"63":2,"64":0,"65":2,"66":2,"67":2,"68":0},"f":{"0":1,"1":14,"2":2,"3":0,"4":1,"5":0,"6":0,"7":12,"8":12,"9":5,"10":12,"11":10,"12":2,"13":2,"14":2},"b":{"0":[1,0],"1":[2,2],"2":[0,0],"3":[1,1],"4":[0,0],"5":[12,0],"6":[0,0],"7":[0,12],"8":[1,11],"9":[4,7],"10":[4,7],"11":[6,6],"12":[1,5],"13":[3,2],"14":[10],"15":[2],"16":[0,2],"17":[0,2],"18":[0,2],"19":[0,2],"20":[2,2]},"meta":{"lastBranch":21,"lastFunction":15,"lastStatement":69,"seen":{"s:3:7:13:Infinity":0,"f:3:7:3:12":0,"s:4:2:4:Infinity":1,"s:5:2:5:Infinity":2,"s:6:2:6:Infinity":3,"s:7:2:7:Infinity":4,"s:8:2:8:Infinity":5,"s:9:2:9:Infinity":6,"s:10:2:10:Infinity":7,"s:11:2:11:Infinity":8,"s:12:2:12:Infinity":9,"s:23:28:23:Infinity":10,"s:24:34:24:Infinity":11,"s:25:27:25:Infinity":12,"s:26:27:26:Infinity":13,"b:29:0:34:Infinity:undefined:undefined:undefined:undefined":0,"s:29:0:34:Infinity":14,"s:30:2:33:Infinity":15,"f:30:26:30:42":1,"s:31:20:31:Infinity":16,"s:32:4:32:Infinity":17,"s:36:81:42:Infinity":18,"f:37:2:37:8":2,"s:37:18:37:Infinity":19,"b:37:18:37:47:37:47:37:Infinity":1,"f:38:2:38:12":3,"s:38:22:38:Infinity":20,"b:38:22:38:51:38:51:38:Infinity":2,"f:39:2:39:14":4,"s:39:24:39:Infinity":21,"b:39:24:39:53:39:53:39:Infinity":3,"f:40:2:40:14":5,"s:40:24:40:Infinity":22,"b:40:24:40:53:40:53:40:Infinity":4,"f:41:2:41:14":6,"s:41:24:41:Infinity":23,"f:44:9:44:40":7,"b:45:2:45:Infinity:undefined:undefined:undefined:undefined":5,"s:45:2:45:Infinity":24,"s:45:49:45:Infinity":25,"s:46:2:51:Infinity":26,"s:47:16:47:Infinity":27,"s:48:4:48:Infinity":28,"b:48:11:48:28:48:28:48:Infinity":6,"s:50:4:50:Infinity":29,"f:54:9:54:25":8,"s:55:2:57:Infinity":30,"f:56:28:56:36":9,"s:56:53:56:96":31,"f:60:9:60:Infinity":10,"b:65:2:68:Infinity:undefined:undefined:undefined:undefined":7,"s:65:2:68:Infinity":32,"s:66:4:66:Infinity":33,"s:67:4:67:Infinity":34,"s:70:22:70:Infinity":35,"s:71:2:71:Infinity":36,"b:72:2:75:Infinity:undefined:undefined:undefined:undefined":8,"s:72:2:75:Infinity":37,"s:73:4:73:Infinity":38,"s:74:4:74:Infinity":39,"s:77:25:77:Infinity":40,"s:81:27:81:Infinity":41,"s:82:20:82:Infinity":42,"b:82:39:82:57:82:57:82:Infinity":9,"s:83:41:87:Infinity":43,"b:85:27:85:56:85:56:85:Infinity":10,"s:89:2:106:Infinity":44,"b:90:4:98:Infinity:undefined:undefined:undefined:undefined":11,"s:90:4:98:Infinity":45,"s:91:6:96:Infinity":46,"b:94:12:94:Infinity:95:12:95:Infinity":12,"s:97:6:97:Infinity":47,"b:99:4:103:Infinity:undefined:undefined:undefined:undefined":13,"s:99:4:103:Infinity":48,"s:100:6:100:Infinity":49,"s:101:6:101:Infinity":50,"s:102:6:102:Infinity":51,"s:108:2:108:Infinity":52,"s:109:2:109:Infinity":53,"f:112:16:112:27":11,"b:112:77:112:81":14,"s:113:2:113:Infinity":54,"f:117:16:117:34":12,"b:117:84:117:103":15,"b:118:2:118:Infinity:undefined:undefined:undefined:undefined":16,"s:118:2:118:Infinity":55,"s:118:37:118:Infinity":56,"s:120:2:132:Infinity":57,"f:120:13:120:22":13,"s:121:18:121:Infinity":58,"s:123:10:128:Infinity":59,"f:123:10:123:25":14,"b:124:6:124:Infinity:undefined:undefined:undefined:undefined":17,"s:124:6:124:Infinity":60,"s:124:19:124:Infinity":61,"s:125:6:125:Infinity":62,"b:126:6:126:Infinity:undefined:undefined:undefined:undefined":18,"s:126:6:126:Infinity":63,"s:126:33:126:Infinity":64,"s:127:6:127:Infinity":65,"s:130:20:130:Infinity":66,"b:131:4:131:Infinity:undefined:undefined:undefined:undefined":19,"s:131:4:131:Infinity":67,"b:131:8:131:19:131:19:131:29":20,"s:131:29:131:Infinity":68}}}
,"/app/src/lib/trust.ts": {"path":"/app/src/lib/trust.ts","statementMap":{"0":{"start":{"line":3,"column":39},"end":{"line":3,"column":null}},"1":{"start":{"line":5,"column":26},"end":{"line":5,"column":null}},"2":{"start":{"line":7,"column":35},"end":{"line":10,"column":null}},"3":{"start":{"line":12,"column":38},"end":{"line":23,"column":null}},"4":{"start":{"line":25,"column":37},"end":{"line":29,"column":null}},"5":{"start":{"line":31,"column":36},"end":{"line":35,"column":null}},"6":{"start":{"line":37,"column":36},"end":{"line":41,"column":null}},"7":{"start":{"line":43,"column":40},"end":{"line":50,"column":null}},"8":{"start":{"line":52,"column":36},"end":{"line":68,"column":null}},"9":{"start":{"line":98,"column":2},"end":{"line":121,"column":null}},"10":{"start":{"line":99,"column":19},"end":{"line":99,"column":null}},"11":{"start":{"line":100,"column":4},"end":{"line":100,"column":null}},"12":{"start":{"line":100,"column":25},"end":{"line":100,"column":null}},"13":{"start":{"line":102,"column":20},"end":{"line":102,"column":null}},"14":{"start":{"line":103,"column":4},"end":{"line":109,"column":null}},"15":{"start":{"line":108,"column":6},"end":{"line":108,"column":null}},"16":{"start":{"line":111,"column":4},"end":{"line":120,"column":null}},"17":{"start":{"line":118,"column":67},"end":{"line":118,"column":77}},"18":{"start":{"line":125,"column":2},"end":{"line":159,"column":null}},"19":{"start":{"line":126,"column":19},"end":{"line":126,"column":null}},"20":{"start":{"line":127,"column":4},"end":{"line":127,"column":null}},"21":{"start":{"line":127,"column":25},"end":{"line":127,"column":null}},"22":{"start":{"line":129,"column":18},"end":{"line":129,"column":null}},"23":{"start":{"line":130,"column":4},"end":{"line":136,"column":null}},"24":{"start":{"line":135,"column":6},"end":{"line":135,"column":null}},"25":{"start":{"line":138,"column":4},"end":{"line":158,"column":null}},"26":{"start":{"line":149,"column":61},"end":{"line":149,"column":78}},"27":{"start":{"line":155,"column":56},"end":{"line":155,"column":69}}},"fnMap":{"0":{"name":"getPublishableTeamProfiles","decl":{"start":{"line":97,"column":16},"end":{"line":97,"column":43}},"loc":{"start":{"line":97,"column":91},"end":{"line":122,"column":null}},"line":97},"1":{"name":"(anonymous_1)","decl":{"start":{"line":98,"column":15},"end":{"line":98,"column":24}},"loc":{"start":{"line":98,"column":33},"end":{"line":121,"column":3}},"line":98},"2":{"name":"(anonymous_2)","decl":{"start":{"line":118,"column":47},"end":{"line":118,"column":52}},"loc":{"start":{"line":118,"column":67},"end":{"line":118,"column":77}},"line":118},"3":{"name":"getPublishableCaseStudies","decl":{"start":{"line":124,"column":16},"end":{"line":124,"column":42}},"loc":{"start":{"line":124,"column":86},"end":{"line":160,"column":null}},"line":124},"4":{"name":"(anonymous_4)","decl":{"start":{"line":125,"column":15},"end":{"line":125,"column":24}},"loc":{"start":{"line":125,"column":33},"end":{"line":159,"column":3}},"line":125},"5":{"name":"(anonymous_5)","decl":{"start":{"line":149,"column":34},"end":{"line":149,"column":39}},"loc":{"start":{"line":149,"column":61},"end":{"line":149,"column":78}},"line":149},"6":{"name":"(anonymous_6)","decl":{"start":{"line":155,"column":33},"end":{"line":155,"column":38}},"loc":{"start":{"line":155,"column":56},"end":{"line":155,"column":69}},"line":155}},"branchMap":{"0":{"loc":{"start":{"line":100,"column":4},"end":{"line":100,"column":null}},"type":"if","locations":[{"start":{"line":100,"column":4},"end":{"line":100,"column":null}},{"start":{},"end":{}}],"line":100},"1":{"loc":{"start":{"line":103,"column":4},"end":{"line":109,"column":null}},"type":"if","locations":[{"start":{"line":103,"column":4},"end":{"line":109,"column":null}},{"start":{},"end":{}}],"line":103},"2":{"loc":{"start":{"line":104,"column":6},"end":{"line":106,"column":null}},"type":"binary-expr","locations":[{"start":{"line":104,"column":6},"end":{"line":104,"column":null}},{"start":{"line":105,"column":6},"end":{"line":105,"column":null}},{"start":{"line":106,"column":6},"end":{"line":106,"column":null}}],"line":104},"3":{"loc":{"start":{"line":117,"column":15},"end":{"line":117,"column":null}},"type":"cond-expr","locations":[{"start":{"line":117,"column":57},"end":{"line":117,"column":73}},{"start":{"line":117,"column":73},"end":{"line":117,"column":null}}],"line":117},"4":{"loc":{"start":{"line":117,"column":15},"end":{"line":117,"column":57}},"type":"binary-expr","locations":[{"start":{"line":117,"column":15},"end":{"line":117,"column":32}},{"start":{"line":117,"column":32},"end":{"line":117,"column":57}}],"line":117},"5":{"loc":{"start":{"line":127,"column":4},"end":{"line":127,"column":null}},"type":"if","locations":[{"start":{"line":127,"column":4},"end":{"line":127,"column":null}},{"start":{},"end":{}}],"line":127},"6":{"loc":{"start":{"line":130,"column":4},"end":{"line":136,"column":null}},"type":"if","locations":[{"start":{"line":130,"column":4},"end":{"line":136,"column":null}},{"start":{},"end":{}}],"line":130},"7":{"loc":{"start":{"line":131,"column":6},"end":{"line":133,"column":null}},"type":"binary-expr","locations":[{"start":{"line":131,"column":6},"end":{"line":131,"column":null}},{"start":{"line":132,"column":6},"end":{"line":132,"column":null}},{"start":{"line":133,"column":6},"end":{"line":133,"column":null}}],"line":131},"8":{"loc":{"start":{"line":145,"column":22},"end":{"line":145,"column":null}},"type":"cond-expr","locations":[{"start":{"line":145,"column":53},"end":{"line":145,"column":74}},{"start":{"line":145,"column":74},"end":{"line":145,"column":null}}],"line":145},"9":{"loc":{"start":{"line":146,"column":23},"end":{"line":146,"column":null}},"type":"cond-expr","locations":[{"start":{"line":146,"column":55},"end":{"line":146,"column":77}},{"start":{"line":146,"column":77},"end":{"line":146,"column":null}}],"line":146},"10":{"loc":{"start":{"line":147,"column":14},"end":{"line":147,"column":null}},"type":"cond-expr","locations":[{"start":{"line":147,"column":37},"end":{"line":147,"column":50}},{"start":{"line":147,"column":50},"end":{"line":147,"column":null}}],"line":147},"11":{"loc":{"start":{"line":148,"column":17},"end":{"line":150,"column":null}},"type":"cond-expr","locations":[{"start":{"line":148,"column":33},"end":{"line":149,"column":null}},{"start":{"line":150,"column":12},"end":{"line":150,"column":null}}],"line":148},"12":{"loc":{"start":{"line":149,"column":13},"end":{"line":149,"column":32}},"type":"binary-expr","locations":[{"start":{"line":149,"column":13},"end":{"line":149,"column":30}},{"start":{"line":149,"column":30},"end":{"line":149,"column":32}}],"line":149},"13":{"loc":{"start":{"line":151,"column":15},"end":{"line":153,"column":null}},"type":"cond-expr","locations":[{"start":{"line":152,"column":12},"end":{"line":152,"column":null}},{"start":{"line":153,"column":12},"end":{"line":153,"column":null}}],"line":151},"14":{"loc":{"start":{"line":151,"column":15},"end":{"line":151,"column":null}},"type":"binary-expr","locations":[{"start":{"line":151,"column":15},"end":{"line":151,"column":40}},{"start":{"line":151,"column":40},"end":{"line":151,"column":null}}],"line":151},"15":{"loc":{"start":{"line":154,"column":16},"end":{"line":156,"column":null}},"type":"cond-expr","locations":[{"start":{"line":154,"column":32},"end":{"line":155,"column":null}},{"start":{"line":156,"column":12},"end":{"line":156,"column":null}}],"line":154},"16":{"loc":{"start":{"line":155,"column":13},"end":{"line":155,"column":31}},"type":"binary-expr","locations":[{"start":{"line":155,"column":13},"end":{"line":155,"column":29}},{"start":{"line":155,"column":29},"end":{"line":155,"column":31}}],"line":155}},"s":{"0":1,"1":1,"2":1,"3":1,"4":1,"5":1,"6":1,"7":1,"8":1,"9":1,"10":3,"11":3,"12":0,"13":3,"14":3,"15":2,"16":1,"17":1,"18":3,"19":5,"20":5,"21":0,"22":5,"23":5,"24":2,"25":3,"26":1,"27":1},"f":{"0":1,"1":3,"2":1,"3":3,"4":5,"5":1,"6":1},"b":{"0":[0,3],"1":[2,1],"2":[3,2,2],"3":[0,1],"4":[1,0],"5":[0,5],"6":[2,3],"7":[5,4,4],"8":[1,2],"9":[1,2],"10":[1,2],"11":[1,2],"12":[1,0],"13":[1,2],"14":[5,1],"15":[1,2],"16":[1,0]},"meta":{"lastBranch":17,"lastFunction":7,"lastStatement":28,"seen":{"s:3:39:3:Infinity":0,"s:5:26:5:Infinity":1,"s:7:35:10:Infinity":2,"s:12:38:23:Infinity":3,"s:25:37:29:Infinity":4,"s:31:36:35:Infinity":5,"s:37:36:41:Infinity":6,"s:43:40:50:Infinity":7,"s:52:36:68:Infinity":8,"f:97:16:97:43":0,"s:98:2:121:Infinity":9,"f:98:15:98:24":1,"s:99:19:99:Infinity":10,"b:100:4:100:Infinity:undefined:undefined:undefined:undefined":0,"s:100:4:100:Infinity":11,"s:100:25:100:Infinity":12,"s:102:20:102:Infinity":13,"b:103:4:109:Infinity:undefined:undefined:undefined:undefined":1,"s:103:4:109:Infinity":14,"b:104:6:104:Infinity:105:6:105:Infinity:106:6:106:Infinity":2,"s:108:6:108:Infinity":15,"s:111:4:120:Infinity":16,"b:117:57:117:73:117:73:117:Infinity":3,"b:117:15:117:32:117:32:117:57":4,"f:118:47:118:52":2,"s:118:67:118:77":17,"f:124:16:124:42":3,"s:125:2:159:Infinity":18,"f:125:15:125:24":4,"s:126:19:126:Infinity":19,"b:127:4:127:Infinity:undefined:undefined:undefined:undefined":5,"s:127:4:127:Infinity":20,"s:127:25:127:Infinity":21,"s:129:18:129:Infinity":22,"b:130:4:136:Infinity:undefined:undefined:undefined:undefined":6,"s:130:4:136:Infinity":23,"b:131:6:131:Infinity:132:6:132:Infinity:133:6:133:Infinity":7,"s:135:6:135:Infinity":24,"s:138:4:158:Infinity":25,"b:145:53:145:74:145:74:145:Infinity":8,"b:146:55:146:77:146:77:146:Infinity":9,"b:147:37:147:50:147:50:147:Infinity":10,"b:148:33:149:Infinity:150:12:150:Infinity":11,"b:149:13:149:30:149:30:149:32":12,"f:149:34:149:39":5,"s:149:61:149:78":26,"b:152:12:152:Infinity:153:12:153:Infinity":13,"b:151:15:151:40:151:40:151:Infinity":14,"b:154:32:155:Infinity:156:12:156:Infinity":15,"b:155:13:155:29:155:29:155:31":16,"f:155:33:155:38":6,"s:155:56:155:69":27}}}
,"/app/src/lib/types.ts": {"path":"/app/src/lib/types.ts","statementMap":{"0":{"start":{"line":3,"column":25},"end":{"line":6,"column":null}},"1":{"start":{"line":8,"column":29},"end":{"line":28,"column":null}},"2":{"start":{"line":30,"column":30},"end":{"line":46,"column":null}},"3":{"start":{"line":48,"column":31},"end":{"line":69,"column":null}},"4":{"start":{"line":71,"column":29},"end":{"line":90,"column":null}}},"fnMap":{},"branchMap":{},"s":{"0":2,"1":2,"2":2,"3":2,"4":2},"f":{},"b":{},"meta":{"lastBranch":0,"lastFunction":0,"lastStatement":5,"seen":{"s:3:25:6:Infinity":0,"s:8:29:28:Infinity":1,"s:30:30:46:Infinity":2,"s:48:31:69:Infinity":3,"s:71:29:90:Infinity":4}}}
,"/app/src/lib/validation.ts": {"path":"/app/src/lib/validation.ts","statementMap":{"0":{"start":{"line":3,"column":27},"end":{"line":14,"column":null}},"1":{"start":{"line":16,"column":30},"end":{"line":31,"column":null}},"2":{"start":{"line":36,"column":17},"end":{"line":36,"column":null}},"3":{"start":{"line":37,"column":2},"end":{"line":54,"column":null}}},"fnMap":{"0":{"name":"serializeLeadPayload","decl":{"start":{"line":35,"column":16},"end":{"line":35,"column":37}},"loc":{"start":{"line":35,"column":55},"end":{"line":55,"column":null}},"line":35}},"branchMap":{"0":{"loc":{"start":{"line":48,"column":14},"end":{"line":48,"column":null}},"type":"binary-expr","locations":[{"start":{"line":48,"column":14},"end":{"line":48,"column":33}},{"start":{"line":48,"column":33},"end":{"line":48,"column":null}}],"line":48},"1":{"loc":{"start":{"line":49,"column":18},"end":{"line":49,"column":null}},"type":"binary-expr","locations":[{"start":{"line":49,"column":18},"end":{"line":49,"column":41}},{"start":{"line":49,"column":41},"end":{"line":49,"column":null}}],"line":49},"2":{"loc":{"start":{"line":52,"column":15},"end":{"line":52,"column":null}},"type":"binary-expr","locations":[{"start":{"line":52,"column":15},"end":{"line":52,"column":35}},{"start":{"line":52,"column":35},"end":{"line":52,"column":null}}],"line":52}},"s":{"0":3,"1":3,"2":1,"3":1},"f":{"0":1},"b":{"0":[1,0],"1":[1,0],"2":[1,0]},"meta":{"lastBranch":3,"lastFunction":1,"lastStatement":4,"seen":{"s:3:27:14:Infinity":0,"s:16:30:31:Infinity":1,"f:35:16:35:37":0,"s:36:17:36:Infinity":2,"s:37:2:54:Infinity":3,"b:48:14:48:33:48:33:48:Infinity":0,"b:49:18:49:41:49:41:49:Infinity":1,"b:52:15:52:35:52:35:52:Infinity":2}}}
}
